============================================================================================== 
Warning! Mixing Conda and module environments may lead to corruption of the
user environment. 
We do not recommend users mixing those two environments unless absolutely
necessary. Note that 
SURF does not provide any support for Conda environment.
For more information, please refer to our software policy page:
https://servicedesk.surf.nl/wiki/display/WIKI/Software+policy+Snellius#SoftwarepolicySnellius-UseofAnacondaandMinicondaenvironmentsonSnellius 

Remember that many packages have already been installed on the system and can
be loaded using 
the 'module load <package__name>' command. If you are uncertain if a package is
already available 
on the system, please use 'module avail' or 'module spider' to search for it.
============================================================================================== 
Collecting torch>=2.5.1 (from -r requirements.txt (line 2))
  Downloading torch-2.6.0-cp310-cp310-manylinux1_x86_64.whl.metadata (28 kB)
Collecting torch-geometric>=2.6.1 (from -r requirements.txt (line 3))
  Using cached torch_geometric-2.6.1-py3-none-any.whl.metadata (63 kB)
Collecting pytorch-lightning>=2.2.0 (from -r requirements.txt (line 4))
  Using cached pytorch_lightning-2.5.1-py3-none-any.whl.metadata (20 kB)
Collecting transformers>=4.43.3 (from -r requirements.txt (line 5))
  Using cached transformers-4.51.3-py3-none-any.whl.metadata (38 kB)
Collecting datasets>=2.21.0 (from -r requirements.txt (line 6))
  Using cached datasets-3.5.0-py3-none-any.whl.metadata (19 kB)
Collecting wandb>=0.17.5 (from -r requirements.txt (line 7))
  Using cached wandb-0.19.9-py3-none-manylinux_2_17_x86_64.manylinux2014_x86_64.whl.metadata (10 kB)
Collecting numpy>=1.26.4 (from -r requirements.txt (line 8))
  Downloading numpy-2.2.4-cp310-cp310-manylinux_2_17_x86_64.manylinux2014_x86_64.whl.metadata (62 kB)
Collecting scipy>=1.14.1 (from -r requirements.txt (line 9))
  Downloading scipy-1.15.2-cp310-cp310-manylinux_2_17_x86_64.manylinux2014_x86_64.whl.metadata (61 kB)
Collecting rdkit>=2024.3.2 (from -r requirements.txt (line 10))
  Downloading rdkit-2024.9.6-cp310-cp310-manylinux_2_28_x86_64.whl.metadata (4.0 kB)
Collecting tqdm>=4.66.4 (from -r requirements.txt (line 11))
  Using cached tqdm-4.67.1-py3-none-any.whl.metadata (57 kB)
Collecting hydra-core>=1.3.2 (from -r requirements.txt (line 12))
  Using cached hydra_core-1.3.2-py3-none-any.whl.metadata (5.5 kB)
Collecting omegaconf>=2.3.0 (from -r requirements.txt (line 13))
  Using cached omegaconf-2.3.0-py3-none-any.whl.metadata (3.9 kB)
Collecting einops>=0.8.0 (from -r requirements.txt (line 14))
  Using cached einops-0.8.1-py3-none-any.whl.metadata (13 kB)
Collecting huggingface-hub>=0.24.2 (from -r requirements.txt (line 15))
  Using cached huggingface_hub-0.30.2-py3-none-any.whl.metadata (13 kB)
Collecting tokenizers>=0.19.0 (from -r requirements.txt (line 16))
  Using cached tokenizers-0.21.1-cp39-abi3-manylinux_2_17_x86_64.manylinux2014_x86_64.whl.metadata (6.8 kB)
Collecting pandas>=2.2.2 (from -r requirements.txt (line 17))
  Downloading pandas-2.2.3-cp310-cp310-manylinux_2_17_x86_64.manylinux2014_x86_64.whl.metadata (89 kB)
Collecting networkx>=3.3 (from -r requirements.txt (line 18))
  Using cached networkx-3.4.2-py3-none-any.whl.metadata (6.3 kB)
Collecting matplotlib>=3.9.2 (from -r requirements.txt (line 19))
  Downloading matplotlib-3.10.1-cp310-cp310-manylinux_2_17_x86_64.manylinux2014_x86_64.whl.metadata (11 kB)
Collecting seaborn>=0.13.2 (from -r requirements.txt (line 20))
  Downloading seaborn-0.13.2-py3-none-any.whl.metadata (5.4 kB)
Collecting aigverse (from -r requirements.txt (line 21))
  Downloading aigverse-0.0.16-cp310-cp310-manylinux_2_27_x86_64.manylinux_2_28_x86_64.whl.metadata (12 kB)
Collecting filelock (from torch>=2.5.1->-r requirements.txt (line 2))
  Using cached filelock-3.18.0-py3-none-any.whl.metadata (2.9 kB)
Collecting typing-extensions>=4.10.0 (from torch>=2.5.1->-r requirements.txt (line 2))
  Downloading typing_extensions-4.13.2-py3-none-any.whl.metadata (3.0 kB)
Collecting jinja2 (from torch>=2.5.1->-r requirements.txt (line 2))
  Using cached jinja2-3.1.6-py3-none-any.whl.metadata (2.9 kB)
Collecting fsspec (from torch>=2.5.1->-r requirements.txt (line 2))
  Using cached fsspec-2025.3.2-py3-none-any.whl.metadata (11 kB)
Collecting nvidia-cuda-nvrtc-cu12==12.4.127 (from torch>=2.5.1->-r requirements.txt (line 2))
  Using cached nvidia_cuda_nvrtc_cu12-12.4.127-py3-none-manylinux2014_x86_64.whl.metadata (1.5 kB)
Collecting nvidia-cuda-runtime-cu12==12.4.127 (from torch>=2.5.1->-r requirements.txt (line 2))
  Using cached nvidia_cuda_runtime_cu12-12.4.127-py3-none-manylinux2014_x86_64.whl.metadata (1.5 kB)
Collecting nvidia-cuda-cupti-cu12==12.4.127 (from torch>=2.5.1->-r requirements.txt (line 2))
  Using cached nvidia_cuda_cupti_cu12-12.4.127-py3-none-manylinux2014_x86_64.whl.metadata (1.6 kB)
Collecting nvidia-cudnn-cu12==9.1.0.70 (from torch>=2.5.1->-r requirements.txt (line 2))
  Using cached nvidia_cudnn_cu12-9.1.0.70-py3-none-manylinux2014_x86_64.whl.metadata (1.6 kB)
Collecting nvidia-cublas-cu12==12.4.5.8 (from torch>=2.5.1->-r requirements.txt (line 2))
  Using cached nvidia_cublas_cu12-12.4.5.8-py3-none-manylinux2014_x86_64.whl.metadata (1.5 kB)
Collecting nvidia-cufft-cu12==11.2.1.3 (from torch>=2.5.1->-r requirements.txt (line 2))
  Using cached nvidia_cufft_cu12-11.2.1.3-py3-none-manylinux2014_x86_64.whl.metadata (1.5 kB)
Collecting nvidia-curand-cu12==10.3.5.147 (from torch>=2.5.1->-r requirements.txt (line 2))
  Using cached nvidia_curand_cu12-10.3.5.147-py3-none-manylinux2014_x86_64.whl.metadata (1.5 kB)
Collecting nvidia-cusolver-cu12==11.6.1.9 (from torch>=2.5.1->-r requirements.txt (line 2))
  Using cached nvidia_cusolver_cu12-11.6.1.9-py3-none-manylinux2014_x86_64.whl.metadata (1.6 kB)
Collecting nvidia-cusparse-cu12==12.3.1.170 (from torch>=2.5.1->-r requirements.txt (line 2))
  Using cached nvidia_cusparse_cu12-12.3.1.170-py3-none-manylinux2014_x86_64.whl.metadata (1.6 kB)
Collecting nvidia-cusparselt-cu12==0.6.2 (from torch>=2.5.1->-r requirements.txt (line 2))
  Using cached nvidia_cusparselt_cu12-0.6.2-py3-none-manylinux2014_x86_64.whl.metadata (6.8 kB)
Collecting nvidia-nccl-cu12==2.21.5 (from torch>=2.5.1->-r requirements.txt (line 2))
  Using cached nvidia_nccl_cu12-2.21.5-py3-none-manylinux2014_x86_64.whl.metadata (1.8 kB)
Collecting nvidia-nvtx-cu12==12.4.127 (from torch>=2.5.1->-r requirements.txt (line 2))
  Using cached nvidia_nvtx_cu12-12.4.127-py3-none-manylinux2014_x86_64.whl.metadata (1.7 kB)
Collecting nvidia-nvjitlink-cu12==12.4.127 (from torch>=2.5.1->-r requirements.txt (line 2))
  Using cached nvidia_nvjitlink_cu12-12.4.127-py3-none-manylinux2014_x86_64.whl.metadata (1.5 kB)
Collecting triton==3.2.0 (from torch>=2.5.1->-r requirements.txt (line 2))
  Downloading triton-3.2.0-cp310-cp310-manylinux_2_17_x86_64.manylinux2014_x86_64.whl.metadata (1.4 kB)
Collecting sympy==1.13.1 (from torch>=2.5.1->-r requirements.txt (line 2))
  Using cached sympy-1.13.1-py3-none-any.whl.metadata (12 kB)
Collecting mpmath<1.4,>=1.1.0 (from sympy==1.13.1->torch>=2.5.1->-r requirements.txt (line 2))
  Using cached mpmath-1.3.0-py3-none-any.whl.metadata (8.6 kB)
Collecting aiohttp (from torch-geometric>=2.6.1->-r requirements.txt (line 3))
  Downloading aiohttp-3.11.16-cp310-cp310-manylinux_2_17_x86_64.manylinux2014_x86_64.whl.metadata (7.7 kB)
Collecting psutil>=5.8.0 (from torch-geometric>=2.6.1->-r requirements.txt (line 3))
  Using cached psutil-7.0.0-cp36-abi3-manylinux_2_12_x86_64.manylinux2010_x86_64.manylinux_2_17_x86_64.manylinux2014_x86_64.whl.metadata (22 kB)
Collecting pyparsing (from torch-geometric>=2.6.1->-r requirements.txt (line 3))
  Using cached pyparsing-3.2.3-py3-none-any.whl.metadata (5.0 kB)
Collecting requests (from torch-geometric>=2.6.1->-r requirements.txt (line 3))
  Using cached requests-2.32.3-py3-none-any.whl.metadata (4.6 kB)
Collecting PyYAML>=5.4 (from pytorch-lightning>=2.2.0->-r requirements.txt (line 4))
  Downloading PyYAML-6.0.2-cp310-cp310-manylinux_2_17_x86_64.manylinux2014_x86_64.whl.metadata (2.1 kB)
Collecting torchmetrics>=0.7.0 (from pytorch-lightning>=2.2.0->-r requirements.txt (line 4))
  Using cached torchmetrics-1.7.1-py3-none-any.whl.metadata (21 kB)
Collecting packaging>=20.0 (from pytorch-lightning>=2.2.0->-r requirements.txt (line 4))
  Downloading packaging-25.0-py3-none-any.whl.metadata (3.3 kB)
Collecting lightning-utilities>=0.10.0 (from pytorch-lightning>=2.2.0->-r requirements.txt (line 4))
  Using cached lightning_utilities-0.14.3-py3-none-any.whl.metadata (5.6 kB)
Collecting regex!=2019.12.17 (from transformers>=4.43.3->-r requirements.txt (line 5))
  Downloading regex-2024.11.6-cp310-cp310-manylinux_2_17_x86_64.manylinux2014_x86_64.whl.metadata (40 kB)
Collecting safetensors>=0.4.3 (from transformers>=4.43.3->-r requirements.txt (line 5))
  Using cached safetensors-0.5.3-cp38-abi3-manylinux_2_17_x86_64.manylinux2014_x86_64.whl.metadata (3.8 kB)
Collecting pyarrow>=15.0.0 (from datasets>=2.21.0->-r requirements.txt (line 6))
  Downloading pyarrow-19.0.1-cp310-cp310-manylinux_2_28_x86_64.whl.metadata (3.3 kB)
Collecting dill<0.3.9,>=0.3.0 (from datasets>=2.21.0->-r requirements.txt (line 6))
  Downloading dill-0.3.8-py3-none-any.whl.metadata (10 kB)
Collecting xxhash (from datasets>=2.21.0->-r requirements.txt (line 6))
  Downloading xxhash-3.5.0-cp310-cp310-manylinux_2_17_x86_64.manylinux2014_x86_64.whl.metadata (12 kB)
Collecting multiprocess<0.70.17 (from datasets>=2.21.0->-r requirements.txt (line 6))
  Downloading multiprocess-0.70.16-py310-none-any.whl.metadata (7.2 kB)
Collecting fsspec (from torch>=2.5.1->-r requirements.txt (line 2))
  Downloading fsspec-2024.12.0-py3-none-any.whl.metadata (11 kB)
Collecting click!=8.0.0,>=7.1 (from wandb>=0.17.5->-r requirements.txt (line 7))
  Downloading click-8.1.8-py3-none-any.whl.metadata (2.3 kB)
Collecting docker-pycreds>=0.4.0 (from wandb>=0.17.5->-r requirements.txt (line 7))
  Using cached docker_pycreds-0.4.0-py2.py3-none-any.whl.metadata (1.8 kB)
Collecting gitpython!=3.1.29,>=1.0.0 (from wandb>=0.17.5->-r requirements.txt (line 7))
  Downloading GitPython-3.1.44-py3-none-any.whl.metadata (13 kB)
Collecting platformdirs (from wandb>=0.17.5->-r requirements.txt (line 7))
  Downloading platformdirs-4.3.7-py3-none-any.whl.metadata (11 kB)
Collecting protobuf!=4.21.0,!=5.28.0,<6,>=3.19.0 (from wandb>=0.17.5->-r requirements.txt (line 7))
  Downloading protobuf-5.29.4-cp38-abi3-manylinux2014_x86_64.whl.metadata (592 bytes)
Collecting pydantic<3 (from wandb>=0.17.5->-r requirements.txt (line 7))
  Downloading pydantic-2.11.3-py3-none-any.whl.metadata (65 kB)
Collecting sentry-sdk>=2.0.0 (from wandb>=0.17.5->-r requirements.txt (line 7))
  Using cached sentry_sdk-2.26.1-py2.py3-none-any.whl.metadata (10 kB)
Collecting setproctitle (from wandb>=0.17.5->-r requirements.txt (line 7))
  Downloading setproctitle-1.3.5-cp310-cp310-manylinux_2_5_x86_64.manylinux1_x86_64.manylinux_2_17_x86_64.manylinux2014_x86_64.whl.metadata (10 kB)
Requirement already satisfied: setuptools in /gpfs/home6/igardner1/.conda/envs/g2pt-aig/lib/python3.10/site-packages (from wandb>=0.17.5->-r requirements.txt (line 7)) (75.8.0)
Collecting Pillow (from rdkit>=2024.3.2->-r requirements.txt (line 10))
  Downloading pillow-11.2.1-cp310-cp310-manylinux_2_28_x86_64.whl.metadata (8.9 kB)
Collecting antlr4-python3-runtime==4.9.* (from hydra-core>=1.3.2->-r requirements.txt (line 12))
  Using cached antlr4-python3-runtime-4.9.3.tar.gz (117 kB)
  Preparing metadata (setup.py): started
  Preparing metadata (setup.py): finished with status 'done'
Collecting python-dateutil>=2.8.2 (from pandas>=2.2.2->-r requirements.txt (line 17))
  Using cached python_dateutil-2.9.0.post0-py2.py3-none-any.whl.metadata (8.4 kB)
Collecting pytz>=2020.1 (from pandas>=2.2.2->-r requirements.txt (line 17))
  Using cached pytz-2025.2-py2.py3-none-any.whl.metadata (22 kB)
Collecting tzdata>=2022.7 (from pandas>=2.2.2->-r requirements.txt (line 17))
  Using cached tzdata-2025.2-py2.py3-none-any.whl.metadata (1.4 kB)
Collecting contourpy>=1.0.1 (from matplotlib>=3.9.2->-r requirements.txt (line 19))
  Downloading contourpy-1.3.2-cp310-cp310-manylinux_2_17_x86_64.manylinux2014_x86_64.whl.metadata (5.5 kB)
Collecting cycler>=0.10 (from matplotlib>=3.9.2->-r requirements.txt (line 19))
  Using cached cycler-0.12.1-py3-none-any.whl.metadata (3.8 kB)
Collecting fonttools>=4.22.0 (from matplotlib>=3.9.2->-r requirements.txt (line 19))
  Downloading fonttools-4.57.0-cp310-cp310-manylinux_2_17_x86_64.manylinux2014_x86_64.whl.metadata (102 kB)
Collecting kiwisolver>=1.3.1 (from matplotlib>=3.9.2->-r requirements.txt (line 19))
  Downloading kiwisolver-1.4.8-cp310-cp310-manylinux_2_12_x86_64.manylinux2010_x86_64.whl.metadata (6.2 kB)
Collecting six>=1.4.0 (from docker-pycreds>=0.4.0->wandb>=0.17.5->-r requirements.txt (line 7))
  Using cached six-1.17.0-py2.py3-none-any.whl.metadata (1.7 kB)
Collecting aiohappyeyeballs>=2.3.0 (from aiohttp->torch-geometric>=2.6.1->-r requirements.txt (line 3))
  Downloading aiohappyeyeballs-2.6.1-py3-none-any.whl.metadata (5.9 kB)
Collecting aiosignal>=1.1.2 (from aiohttp->torch-geometric>=2.6.1->-r requirements.txt (line 3))
  Using cached aiosignal-1.3.2-py2.py3-none-any.whl.metadata (3.8 kB)
Collecting async-timeout<6.0,>=4.0 (from aiohttp->torch-geometric>=2.6.1->-r requirements.txt (line 3))
  Using cached async_timeout-5.0.1-py3-none-any.whl.metadata (5.1 kB)
Collecting attrs>=17.3.0 (from aiohttp->torch-geometric>=2.6.1->-r requirements.txt (line 3))
  Downloading attrs-25.3.0-py3-none-any.whl.metadata (10 kB)
Collecting frozenlist>=1.1.1 (from aiohttp->torch-geometric>=2.6.1->-r requirements.txt (line 3))
  Downloading frozenlist-1.6.0-cp310-cp310-manylinux_2_5_x86_64.manylinux1_x86_64.manylinux_2_17_x86_64.manylinux2014_x86_64.whl.metadata (16 kB)
Collecting multidict<7.0,>=4.5 (from aiohttp->torch-geometric>=2.6.1->-r requirements.txt (line 3))
  Downloading multidict-6.4.3-cp310-cp310-manylinux_2_17_x86_64.manylinux2014_x86_64.whl.metadata (5.3 kB)
Collecting propcache>=0.2.0 (from aiohttp->torch-geometric>=2.6.1->-r requirements.txt (line 3))
  Downloading propcache-0.3.1-cp310-cp310-manylinux_2_17_x86_64.manylinux2014_x86_64.whl.metadata (10 kB)
Collecting yarl<2.0,>=1.17.0 (from aiohttp->torch-geometric>=2.6.1->-r requirements.txt (line 3))
  Downloading yarl-1.20.0-cp310-cp310-manylinux_2_17_x86_64.manylinux2014_x86_64.whl.metadata (72 kB)
Collecting gitdb<5,>=4.0.1 (from gitpython!=3.1.29,>=1.0.0->wandb>=0.17.5->-r requirements.txt (line 7))
  Downloading gitdb-4.0.12-py3-none-any.whl.metadata (1.2 kB)
Collecting annotated-types>=0.6.0 (from pydantic<3->wandb>=0.17.5->-r requirements.txt (line 7))
  Downloading annotated_types-0.7.0-py3-none-any.whl.metadata (15 kB)
Collecting pydantic-core==2.33.1 (from pydantic<3->wandb>=0.17.5->-r requirements.txt (line 7))
  Downloading pydantic_core-2.33.1-cp310-cp310-manylinux_2_17_x86_64.manylinux2014_x86_64.whl.metadata (6.8 kB)
Collecting typing-inspection>=0.4.0 (from pydantic<3->wandb>=0.17.5->-r requirements.txt (line 7))
  Downloading typing_inspection-0.4.0-py3-none-any.whl.metadata (2.6 kB)
Collecting charset-normalizer<4,>=2 (from requests->torch-geometric>=2.6.1->-r requirements.txt (line 3))
  Downloading charset_normalizer-3.4.1-cp310-cp310-manylinux_2_17_x86_64.manylinux2014_x86_64.whl.metadata (35 kB)
Collecting idna<4,>=2.5 (from requests->torch-geometric>=2.6.1->-r requirements.txt (line 3))
  Using cached idna-3.10-py3-none-any.whl.metadata (10 kB)
Collecting urllib3<3,>=1.21.1 (from requests->torch-geometric>=2.6.1->-r requirements.txt (line 3))
  Downloading urllib3-2.4.0-py3-none-any.whl.metadata (6.5 kB)
Collecting certifi>=2017.4.17 (from requests->torch-geometric>=2.6.1->-r requirements.txt (line 3))
  Using cached certifi-2025.1.31-py3-none-any.whl.metadata (2.5 kB)
Collecting MarkupSafe>=2.0 (from jinja2->torch>=2.5.1->-r requirements.txt (line 2))
  Downloading MarkupSafe-3.0.2-cp310-cp310-manylinux_2_17_x86_64.manylinux2014_x86_64.whl.metadata (4.0 kB)
Collecting smmap<6,>=3.0.1 (from gitdb<5,>=4.0.1->gitpython!=3.1.29,>=1.0.0->wandb>=0.17.5->-r requirements.txt (line 7))
  Downloading smmap-5.0.2-py3-none-any.whl.metadata (4.3 kB)
Downloading torch-2.6.0-cp310-cp310-manylinux1_x86_64.whl (766.7 MB)
   ━━━━━━━━━━━━━━━━━━━━━━━━━━━━━━━━━━━━━━━ 766.7/766.7 MB 110.0 MB/s eta 0:00:00
Using cached nvidia_cublas_cu12-12.4.5.8-py3-none-manylinux2014_x86_64.whl (363.4 MB)
Using cached nvidia_cuda_cupti_cu12-12.4.127-py3-none-manylinux2014_x86_64.whl (13.8 MB)
Using cached nvidia_cuda_nvrtc_cu12-12.4.127-py3-none-manylinux2014_x86_64.whl (24.6 MB)
Using cached nvidia_cuda_runtime_cu12-12.4.127-py3-none-manylinux2014_x86_64.whl (883 kB)
Using cached nvidia_cudnn_cu12-9.1.0.70-py3-none-manylinux2014_x86_64.whl (664.8 MB)
Using cached nvidia_cufft_cu12-11.2.1.3-py3-none-manylinux2014_x86_64.whl (211.5 MB)
Using cached nvidia_curand_cu12-10.3.5.147-py3-none-manylinux2014_x86_64.whl (56.3 MB)
Using cached nvidia_cusolver_cu12-11.6.1.9-py3-none-manylinux2014_x86_64.whl (127.9 MB)
Using cached nvidia_cusparse_cu12-12.3.1.170-py3-none-manylinux2014_x86_64.whl (207.5 MB)
Using cached nvidia_cusparselt_cu12-0.6.2-py3-none-manylinux2014_x86_64.whl (150.1 MB)
Using cached nvidia_nccl_cu12-2.21.5-py3-none-manylinux2014_x86_64.whl (188.7 MB)
Using cached nvidia_nvjitlink_cu12-12.4.127-py3-none-manylinux2014_x86_64.whl (21.1 MB)
Using cached nvidia_nvtx_cu12-12.4.127-py3-none-manylinux2014_x86_64.whl (99 kB)
Using cached sympy-1.13.1-py3-none-any.whl (6.2 MB)
Downloading triton-3.2.0-cp310-cp310-manylinux_2_17_x86_64.manylinux2014_x86_64.whl (253.1 MB)
   ━━━━━━━━━━━━━━━━━━━━━━━━━━━━━━━━━━━━━━━ 253.1/253.1 MB 182.4 MB/s eta 0:00:00
Using cached torch_geometric-2.6.1-py3-none-any.whl (1.1 MB)
Using cached pytorch_lightning-2.5.1-py3-none-any.whl (822 kB)
Using cached transformers-4.51.3-py3-none-any.whl (10.4 MB)
Using cached datasets-3.5.0-py3-none-any.whl (491 kB)
Using cached wandb-0.19.9-py3-none-manylinux_2_17_x86_64.manylinux2014_x86_64.whl (20.9 MB)
Downloading numpy-2.2.4-cp310-cp310-manylinux_2_17_x86_64.manylinux2014_x86_64.whl (16.4 MB)
   ━━━━━━━━━━━━━━━━━━━━━━━━━━━━━━━━━━━━━━━━ 16.4/16.4 MB 292.7 MB/s eta 0:00:00
Downloading scipy-1.15.2-cp310-cp310-manylinux_2_17_x86_64.manylinux2014_x86_64.whl (37.6 MB)
   ━━━━━━━━━━━━━━━━━━━━━━━━━━━━━━━━━━━━━━━━ 37.6/37.6 MB 145.8 MB/s eta 0:00:00
Downloading rdkit-2024.9.6-cp310-cp310-manylinux_2_28_x86_64.whl (34.3 MB)
   ━━━━━━━━━━━━━━━━━━━━━━━━━━━━━━━━━━━━━━━━ 34.3/34.3 MB 68.3 MB/s eta 0:00:00
Using cached tqdm-4.67.1-py3-none-any.whl (78 kB)
Using cached hydra_core-1.3.2-py3-none-any.whl (154 kB)
Using cached omegaconf-2.3.0-py3-none-any.whl (79 kB)
Using cached einops-0.8.1-py3-none-any.whl (64 kB)
Using cached huggingface_hub-0.30.2-py3-none-any.whl (481 kB)
Using cached tokenizers-0.21.1-cp39-abi3-manylinux_2_17_x86_64.manylinux2014_x86_64.whl (3.0 MB)
Downloading pandas-2.2.3-cp310-cp310-manylinux_2_17_x86_64.manylinux2014_x86_64.whl (13.1 MB)
   ━━━━━━━━━━━━━━━━━━━━━━━━━━━━━━━━━━━━━━━━ 13.1/13.1 MB 241.6 MB/s eta 0:00:00
Using cached networkx-3.4.2-py3-none-any.whl (1.7 MB)
Downloading matplotlib-3.10.1-cp310-cp310-manylinux_2_17_x86_64.manylinux2014_x86_64.whl (8.6 MB)
   ━━━━━━━━━━━━━━━━━━━━━━━━━━━━━━━━━━━━━━━━ 8.6/8.6 MB 153.9 MB/s eta 0:00:00
Downloading seaborn-0.13.2-py3-none-any.whl (294 kB)
Downloading aigverse-0.0.16-cp310-cp310-manylinux_2_27_x86_64.manylinux_2_28_x86_64.whl (548 kB)
   ━━━━━━━━━━━━━━━━━━━━━━━━━━━━━━━━━━━━━━━━ 548.8/548.8 kB 39.3 MB/s eta 0:00:00
Downloading click-8.1.8-py3-none-any.whl (98 kB)
Downloading contourpy-1.3.2-cp310-cp310-manylinux_2_17_x86_64.manylinux2014_x86_64.whl (325 kB)
Using cached cycler-0.12.1-py3-none-any.whl (8.3 kB)
Downloading dill-0.3.8-py3-none-any.whl (116 kB)
Using cached docker_pycreds-0.4.0-py2.py3-none-any.whl (9.0 kB)
Downloading fonttools-4.57.0-cp310-cp310-manylinux_2_17_x86_64.manylinux2014_x86_64.whl (4.6 MB)
   ━━━━━━━━━━━━━━━━━━━━━━━━━━━━━━━━━━━━━━━━ 4.6/4.6 MB 163.5 MB/s eta 0:00:00
Downloading fsspec-2024.12.0-py3-none-any.whl (183 kB)
Downloading aiohttp-3.11.16-cp310-cp310-manylinux_2_17_x86_64.manylinux2014_x86_64.whl (1.6 MB)
   ━━━━━━━━━━━━━━━━━━━━━━━━━━━━━━━━━━━━━━━━ 1.6/1.6 MB 141.3 MB/s eta 0:00:00
Downloading GitPython-3.1.44-py3-none-any.whl (207 kB)
Downloading kiwisolver-1.4.8-cp310-cp310-manylinux_2_12_x86_64.manylinux2010_x86_64.whl (1.6 MB)
   ━━━━━━━━━━━━━━━━━━━━━━━━━━━━━━━━━━━━━━━━ 1.6/1.6 MB 128.9 MB/s eta 0:00:00
Using cached lightning_utilities-0.14.3-py3-none-any.whl (28 kB)
Downloading multiprocess-0.70.16-py310-none-any.whl (134 kB)
Downloading packaging-25.0-py3-none-any.whl (66 kB)
Downloading pillow-11.2.1-cp310-cp310-manylinux_2_28_x86_64.whl (4.6 MB)
   ━━━━━━━━━━━━━━━━━━━━━━━━━━━━━━━━━━━━━━━━ 4.6/4.6 MB 150.0 MB/s eta 0:00:00
Downloading protobuf-5.29.4-cp38-abi3-manylinux2014_x86_64.whl (319 kB)
Using cached psutil-7.0.0-cp36-abi3-manylinux_2_12_x86_64.manylinux2010_x86_64.manylinux_2_17_x86_64.manylinux2014_x86_64.whl (277 kB)
Downloading pyarrow-19.0.1-cp310-cp310-manylinux_2_28_x86_64.whl (42.1 MB)
   ━━━━━━━━━━━━━━━━━━━━━━━━━━━━━━━━━━━━━━━━ 42.1/42.1 MB 205.7 MB/s eta 0:00:00
Downloading pydantic-2.11.3-py3-none-any.whl (443 kB)
Downloading pydantic_core-2.33.1-cp310-cp310-manylinux_2_17_x86_64.manylinux2014_x86_64.whl (2.0 MB)
   ━━━━━━━━━━━━━━━━━━━━━━━━━━━━━━━━━━━━━━━━ 2.0/2.0 MB 141.7 MB/s eta 0:00:00
Using cached pyparsing-3.2.3-py3-none-any.whl (111 kB)
Using cached python_dateutil-2.9.0.post0-py2.py3-none-any.whl (229 kB)
Using cached pytz-2025.2-py2.py3-none-any.whl (509 kB)
Downloading PyYAML-6.0.2-cp310-cp310-manylinux_2_17_x86_64.manylinux2014_x86_64.whl (751 kB)
   ━━━━━━━━━━━━━━━━━━━━━━━━━━━━━━━━━━━━━━━━ 751.2/751.2 kB 60.3 MB/s eta 0:00:00
Downloading regex-2024.11.6-cp310-cp310-manylinux_2_17_x86_64.manylinux2014_x86_64.whl (781 kB)
   ━━━━━━━━━━━━━━━━━━━━━━━━━━━━━━━━━━━━━━━━ 781.7/781.7 kB 65.6 MB/s eta 0:00:00
Using cached requests-2.32.3-py3-none-any.whl (64 kB)
Using cached safetensors-0.5.3-cp38-abi3-manylinux_2_17_x86_64.manylinux2014_x86_64.whl (471 kB)
Using cached sentry_sdk-2.26.1-py2.py3-none-any.whl (340 kB)
Using cached torchmetrics-1.7.1-py3-none-any.whl (961 kB)
Downloading typing_extensions-4.13.2-py3-none-any.whl (45 kB)
Using cached tzdata-2025.2-py2.py3-none-any.whl (347 kB)
Using cached filelock-3.18.0-py3-none-any.whl (16 kB)
Using cached jinja2-3.1.6-py3-none-any.whl (134 kB)
Downloading platformdirs-4.3.7-py3-none-any.whl (18 kB)
Downloading setproctitle-1.3.5-cp310-cp310-manylinux_2_5_x86_64.manylinux1_x86_64.manylinux_2_17_x86_64.manylinux2014_x86_64.whl (30 kB)
Downloading xxhash-3.5.0-cp310-cp310-manylinux_2_17_x86_64.manylinux2014_x86_64.whl (194 kB)
Downloading aiohappyeyeballs-2.6.1-py3-none-any.whl (15 kB)
Using cached aiosignal-1.3.2-py2.py3-none-any.whl (7.6 kB)
Downloading annotated_types-0.7.0-py3-none-any.whl (13 kB)
Using cached async_timeout-5.0.1-py3-none-any.whl (6.2 kB)
Downloading attrs-25.3.0-py3-none-any.whl (63 kB)
Using cached certifi-2025.1.31-py3-none-any.whl (166 kB)
Downloading charset_normalizer-3.4.1-cp310-cp310-manylinux_2_17_x86_64.manylinux2014_x86_64.whl (146 kB)
Downloading frozenlist-1.6.0-cp310-cp310-manylinux_2_5_x86_64.manylinux1_x86_64.manylinux_2_17_x86_64.manylinux2014_x86_64.whl (287 kB)
Downloading gitdb-4.0.12-py3-none-any.whl (62 kB)
Using cached idna-3.10-py3-none-any.whl (70 kB)
Downloading MarkupSafe-3.0.2-cp310-cp310-manylinux_2_17_x86_64.manylinux2014_x86_64.whl (20 kB)
Using cached mpmath-1.3.0-py3-none-any.whl (536 kB)
Downloading multidict-6.4.3-cp310-cp310-manylinux_2_17_x86_64.manylinux2014_x86_64.whl (219 kB)
Downloading propcache-0.3.1-cp310-cp310-manylinux_2_17_x86_64.manylinux2014_x86_64.whl (206 kB)
Using cached six-1.17.0-py2.py3-none-any.whl (11 kB)
Downloading typing_inspection-0.4.0-py3-none-any.whl (14 kB)
Downloading urllib3-2.4.0-py3-none-any.whl (128 kB)
Downloading yarl-1.20.0-cp310-cp310-manylinux_2_17_x86_64.manylinux2014_x86_64.whl (333 kB)
Downloading smmap-5.0.2-py3-none-any.whl (24 kB)
Building wheels for collected packages: antlr4-python3-runtime
  Building wheel for antlr4-python3-runtime (setup.py): started
  Building wheel for antlr4-python3-runtime (setup.py): finished with status 'done'
  Created wheel for antlr4-python3-runtime: filename=antlr4_python3_runtime-4.9.3-py3-none-any.whl size=144591 sha256=f73841af38ae8a11f25efcf902b26c9d836a3f1371a0893d3a9a51e81735ad17
  Stored in directory: /gpfs/home6/igardner1/.cache/pip/wheels/12/93/dd/1f6a127edc45659556564c5730f6d4e300888f4bca2d4c5a88
Successfully built antlr4-python3-runtime
Installing collected packages: triton, pytz, nvidia-cusparselt-cu12, mpmath, antlr4-python3-runtime, xxhash, urllib3, tzdata, typing-extensions, tqdm, sympy, smmap, six, setproctitle, safetensors, regex, PyYAML, pyparsing, pyarrow, psutil, protobuf, propcache, platformdirs, Pillow, packaging, nvidia-nvtx-cu12, nvidia-nvjitlink-cu12, nvidia-nccl-cu12, nvidia-curand-cu12, nvidia-cufft-cu12, nvidia-cuda-runtime-cu12, nvidia-cuda-nvrtc-cu12, nvidia-cuda-cupti-cu12, nvidia-cublas-cu12, numpy, networkx, MarkupSafe, kiwisolver, idna, fsspec, frozenlist, fonttools, filelock, einops, dill, cycler, click, charset-normalizer, certifi, attrs, async-timeout, annotated-types, aiohappyeyeballs, aigverse, typing-inspection, sentry-sdk, scipy, requests, rdkit, python-dateutil, pydantic-core, omegaconf, nvidia-cusparse-cu12, nvidia-cudnn-cu12, multiprocess, multidict, lightning-utilities, jinja2, gitdb, docker-pycreds, contourpy, aiosignal, yarl, pydantic, pandas, nvidia-cusolver-cu12, matplotlib, hydra-core, huggingface-hub, gitpython, wandb, torch, tokenizers, seaborn, aiohttp, transformers, torchmetrics, torch-geometric, pytorch-lightning, datasets
Successfully installed MarkupSafe-3.0.2 Pillow-11.2.1 PyYAML-6.0.2 aigverse-0.0.16 aiohappyeyeballs-2.6.1 aiohttp-3.11.16 aiosignal-1.3.2 annotated-types-0.7.0 antlr4-python3-runtime-4.9.3 async-timeout-5.0.1 attrs-25.3.0 certifi-2025.1.31 charset-normalizer-3.4.1 click-8.1.8 contourpy-1.3.2 cycler-0.12.1 datasets-3.5.0 dill-0.3.8 docker-pycreds-0.4.0 einops-0.8.1 filelock-3.18.0 fonttools-4.57.0 frozenlist-1.6.0 fsspec-2024.12.0 gitdb-4.0.12 gitpython-3.1.44 huggingface-hub-0.30.2 hydra-core-1.3.2 idna-3.10 jinja2-3.1.6 kiwisolver-1.4.8 lightning-utilities-0.14.3 matplotlib-3.10.1 mpmath-1.3.0 multidict-6.4.3 multiprocess-0.70.16 networkx-3.4.2 numpy-2.2.4 nvidia-cublas-cu12-12.4.5.8 nvidia-cuda-cupti-cu12-12.4.127 nvidia-cuda-nvrtc-cu12-12.4.127 nvidia-cuda-runtime-cu12-12.4.127 nvidia-cudnn-cu12-9.1.0.70 nvidia-cufft-cu12-11.2.1.3 nvidia-curand-cu12-10.3.5.147 nvidia-cusolver-cu12-11.6.1.9 nvidia-cusparse-cu12-12.3.1.170 nvidia-cusparselt-cu12-0.6.2 nvidia-nccl-cu12-2.21.5 nvidia-nvjitlink-cu12-12.4.127 nvidia-nvtx-cu12-12.4.127 omegaconf-2.3.0 packaging-25.0 pandas-2.2.3 platformdirs-4.3.7 propcache-0.3.1 protobuf-5.29.4 psutil-7.0.0 pyarrow-19.0.1 pydantic-2.11.3 pydantic-core-2.33.1 pyparsing-3.2.3 python-dateutil-2.9.0.post0 pytorch-lightning-2.5.1 pytz-2025.2 rdkit-2024.9.6 regex-2024.11.6 requests-2.32.3 safetensors-0.5.3 scipy-1.15.2 seaborn-0.13.2 sentry-sdk-2.26.1 setproctitle-1.3.5 six-1.17.0 smmap-5.0.2 sympy-1.13.1 tokenizers-0.21.1 torch-2.6.0 torch-geometric-2.6.1 torchmetrics-1.7.1 tqdm-4.67.1 transformers-4.51.3 triton-3.2.0 typing-extensions-4.13.2 typing-inspection-0.4.0 tzdata-2025.2 urllib3-2.4.0 wandb-0.19.9 xxhash-3.5.0 yarl-1.20.0
Environment created and activated

JOB STATISTICS
==============
Job ID: 11276285
Cluster: snellius
User/Group: igardner1/igardner1
State: RUNNING
Nodes: 1
Cores per node: 18
CPU Utilized: 00:00:00
CPU Efficiency: 0.00% of 00:51:54 core-walltime
Job Wall-clock time: 00:02:53
Memory Utilized: 0.00 MB
Memory Efficiency: 0.00% of 120.00 GB (120.00 GB/node)
WARNING: Efficiency statistics can only be obtained after the job has ended as seff tool is based on the accounting database data.
