============================================================================================== 
Warning! Mixing Conda and module environments may lead to corruption of the
user environment. 
We do not recommend users mixing those two environments unless absolutely
necessary. Note that 
SURF does not provide any support for Conda environment.
For more information, please refer to our software policy page:
https://servicedesk.surf.nl/wiki/display/WIKI/Software+policy+Snellius#SoftwarepolicySnellius-UseofAnacondaandMinicondaenvironmentsonSnellius 

Remember that many packages have already been installed on the system and can
be loaded using 
the 'module load <package__name>' command. If you are uncertain if a package is
already available 
on the system, please use 'module avail' or 'module spider' to search for it.
============================================================================================== 
Overriding config with configs/datasets/aig.py:
dataset = 'aig'
vocab_size = 112 # Or use 106 if you prefer the exact count
block_size = 1024
data_dir = '../../datasets/aig/'
tokenizer_path = '../../tokenizers/aig/'

Overriding config with configs/networks/large.py:

n_layer = 24
n_head = 16
n_embd = 1024
dropout = 0.0
bias = False
model_name = 'large'

Overriding: dataset = aig
Overriding: ordering = topo
Overriding: batch_size = 32
CUDA available. Using device: cuda
tokens per iteration will be: 1310720,40,1
Using dtype: bfloat16
Autocast context type: cuda, ptdtype: torch.bfloat16
Using topological sequence generation logic for AIG dataset.
DataLoader num_workers: 0
Initializing a new model from scratch
number of parameters: 302.15M
num decayed parameter tensors: 98, with 303,153,152 parameters
num non-decayed parameter tensors: 49, with 50,176 parameters
using fused AdamW: True
iter 0: loss 4.9163, time 11482.16ms, mfu -100.00%
iter 10: loss 4.8569, time 10660.52ms, mfu 83.34%
iter 20: loss 3.6080, time 10789.51ms, mfu 83.24%
iter 30: loss 3.2963, time 10502.11ms, mfu 83.38%
iter 40: loss 2.9744, time 10747.91ms, mfu 83.31%
iter 50: loss 2.4955, time 10712.26ms, mfu 83.27%
iter 60: loss 2.1697, time 10456.07ms, mfu 83.44%
iter 70: loss 2.0424, time 10697.17ms, mfu 83.40%
iter 80: loss 1.8324, time 10723.67ms, mfu 83.35%
iter 90: loss 1.7627, time 10633.25ms, mfu 83.37%
iter 100: loss 1.5504, time 10261.81ms, mfu 83.69%
iter 110: loss 1.5179, time 10552.30ms, mfu 83.74%
iter 120: loss 1.4938, time 10511.13ms, mfu 83.82%
iter 130: loss 1.4914, time 10755.45ms, mfu 83.70%
iter 140: loss 1.5447, time 10690.54ms, mfu 83.64%
iter 150: loss 1.5190, time 10843.80ms, mfu 83.47%
iter 160: loss 1.3849, time 10692.70ms, mfu 83.43%
iter 170: loss 1.3514, time 10420.54ms, mfu 83.61%
iter 180: loss 1.4535, time 10675.90ms, mfu 83.58%
iter 190: loss 1.4644, time 10476.48ms, mfu 83.70%
iter 200: loss 1.4533, time 10598.63ms, mfu 83.71%
iter 210: loss 1.3571, time 10586.59ms, mfu 83.73%
iter 220: loss 1.3368, time 10482.94ms, mfu 83.84%
iter 230: loss 1.2415, time 10355.38ms, mfu 84.03%
iter 240: loss 1.4421, time 10695.10ms, mfu 83.94%
iter 250: loss 1.3582, time 10886.50ms, mfu 83.70%
iter 260: loss 1.2630, time 10536.68ms, mfu 83.77%
iter 270: loss 1.2141, time 10908.21ms, mfu 83.53%
iter 280: loss 1.1625, time 10372.67ms, mfu 83.75%
iter 290: loss 1.3639, time 10927.20ms, mfu 83.50%
iter 300: loss 1.3487, time 10847.27ms, mfu 83.34%
iter 310: loss 1.2998, time 10489.79ms, mfu 83.48%
iter 320: loss 1.3396, time 10993.90ms, mfu 83.21%
iter 330: loss 1.2535, time 10940.27ms, mfu 83.01%
iter 340: loss 1.2365, time 10392.62ms, mfu 83.26%
iter 350: loss 1.1025, time 10416.87ms, mfu 83.46%
iter 360: loss 1.2076, time 10747.62ms, mfu 83.38%
iter 370: loss 1.2215, time 10744.50ms, mfu 83.31%
iter 380: loss 1.2447, time 10557.15ms, mfu 83.40%
iter 390: loss 1.2537, time 10646.39ms, mfu 83.40%
iter 400: loss 1.1970, time 10598.54ms, mfu 83.45%
iter 410: loss 1.1391, time 10870.46ms, mfu 83.28%
iter 420: loss 1.3042, time 10939.82ms, mfu 83.07%
iter 430: loss 1.2604, time 10505.48ms, mfu 83.22%
iter 440: loss 1.0005, time 10482.76ms, mfu 83.37%
iter 450: loss 1.1316, time 10607.48ms, mfu 83.41%
iter 460: loss 1.1231, time 10703.72ms, mfu 83.37%
iter 470: loss 1.1430, time 10810.01ms, mfu 83.25%
iter 480: loss 1.1882, time 11049.01ms, mfu 82.97%
iter 490: loss 0.9948, time 10977.68ms, mfu 82.77%
iter 500: loss 1.0732, time 10615.22ms, mfu 82.86%
iter 510: loss 0.9513, time 10901.90ms, mfu 82.72%
iter 520: loss 1.0462, time 10654.09ms, mfu 82.79%
iter 530: loss 1.2041, time 10687.03ms, mfu 82.83%
iter 540: loss 0.9588, time 10924.43ms, mfu 82.68%
iter 550: loss 1.0423, time 10402.96ms, mfu 82.95%
iter 560: loss 0.9671, time 10622.80ms, mfu 83.02%
iter 570: loss 1.1069, time 10479.37ms, mfu 83.19%
iter 580: loss 1.0441, time 11049.82ms, mfu 82.92%
iter 590: loss 1.0665, time 10797.96ms, mfu 82.85%
iter 600: loss 1.0816, time 10725.28ms, mfu 82.85%
iter 610: loss 1.0379, time 10654.45ms, mfu 82.91%
iter 620: loss 0.9879, time 10870.39ms, mfu 82.79%
iter 630: loss 1.0718, time 10552.19ms, mfu 82.93%
iter 640: loss 0.9154, time 10900.30ms, mfu 82.79%
iter 650: loss 1.0023, time 10463.52ms, mfu 83.00%
iter 660: loss 0.9308, time 10624.35ms, mfu 83.06%
iter 670: loss 1.0051, time 10835.33ms, mfu 82.96%
iter 680: loss 0.8897, time 10826.70ms, mfu 82.87%
iter 690: loss 0.8753, time 10808.38ms, mfu 82.80%
iter 700: loss 0.8843, time 10717.79ms, mfu 82.81%
iter 710: loss 0.8336, time 10794.16ms, mfu 82.76%
iter 720: loss 0.8345, time 10833.60ms, mfu 82.69%
iter 730: loss 0.8275, time 10673.78ms, mfu 82.74%
iter 740: loss 0.9690, time 10450.17ms, mfu 82.97%
iter 750: loss 0.8357, time 10700.71ms, mfu 82.98%
iter 760: loss 0.8749, time 10514.44ms, mfu 83.13%
iter 770: loss 0.7524, time 10595.75ms, mfu 83.20%
iter 780: loss 0.7231, time 10889.44ms, mfu 83.04%
iter 790: loss 0.7978, time 10630.61ms, mfu 83.09%
iter 800: loss 0.8721, time 10841.10ms, mfu 82.98%
iter 810: loss 0.6853, time 10701.52ms, mfu 82.98%
iter 820: loss 0.7508, time 10852.54ms, mfu 82.87%
iter 830: loss 0.7057, time 10751.25ms, mfu 82.85%
srun: Job step aborted: Waiting up to 32 seconds for job step to finish.
slurmstepd: error: *** JOB 11276744 ON gcn49 CANCELLED AT 2025-04-19T17:14:30 ***
slurmstepd: error: *** STEP 11276744.0 ON gcn49 CANCELLED AT 2025-04-19T17:14:30 ***

JOB STATISTICS
==============
Job ID: 11276744
Cluster: snellius
User/Group: igardner1/igardner1
State: CANCELLED (exit code 0)
Nodes: 1
Cores per node: 18
CPU Utilized: 03:23:57
CPU Efficiency: 7.55% of 1-21:00:36 core-walltime
Job Wall-clock time: 02:30:02
Memory Utilized: 1.36 GB
Memory Efficiency: 1.13% of 120.00 GB (120.00 GB/node)
