============================================================================================== 
Warning! Mixing Conda and module environments may lead to corruption of the
user environment. 
We do not recommend users mixing those two environments unless absolutely
necessary. Note that 
SURF does not provide any support for Conda environment.
For more information, please refer to our software policy page:
https://servicedesk.surf.nl/wiki/display/WIKI/Software+policy+Snellius#SoftwarepolicySnellius-UseofAnacondaandMinicondaenvironmentsonSnellius 

Remember that many packages have already been installed on the system and can
be loaded using 
the 'module load <package__name>' command. If you are uncertain if a package is
already available 
on the system, please use 'module avail' or 'module spider' to search for it.
============================================================================================== 
Starting training script...
Overriding config with configs/datasets/aig.py:
dataset = 'aig'
vocab_size = 112 # Or use 106 if you prefer the exact count
block_size = 1024
data_dir = '../../datasets/aig/'
tokenizer_path = '../../tokenizers/aig/'

Overriding config with configs/networks/large.py:

n_layer = 24
n_head = 16
n_embd = 1024
dropout = 0.2
bias = False
model_name = 'large3'

Overriding: dataset = aig
Overriding: ordering = topo
Overriding: out_dir = results/aig-large3-topo
Overriding: wandb_log = True
CUDA available. Using device: cuda
tokens per iteration will be: 491520,40,1
Using dtype: bfloat16
Autocast context type: cuda, ptdtype: torch.bfloat16
Using topological sequence generation logic for AIG dataset.
DataLoader num_workers: 0
Initializing a new model from scratch
number of parameters: 302.15M
num decayed parameter tensors: 98, with 303,153,152 parameters
num non-decayed parameter tensors: 49, with 50,176 parameters
using fused AdamW: True
wandb: Using wandb-core as the SDK backend.  Please refer to https://wandb.me/wandb-core for more information.
wandb: Currently logged in as: isabella-v-gardner (isabella-v-gardner-university-of-amsterdam) to https://api.wandb.ai. Use `wandb login --relogin` to force relogin
wandb: Tracking run with wandb version 0.19.9
wandb: Run data is saved locally in /gpfs/home6/igardner1/aig-gen/G2PT/wandb/run-20250420_172009-pfvg32u0
wandb: Run `wandb offline` to turn off syncing.
wandb: Syncing run aig-large3-topo
wandb: ⭐️ View project at https://wandb.ai/isabella-v-gardner-university-of-amsterdam/g2pt
wandb: 🚀 View run at https://wandb.ai/isabella-v-gardner-university-of-amsterdam/g2pt/runs/pfvg32u0
iter 0: loss 4.9003, time 2711.93ms, mfu -100.00%
iter 10: loss 4.5680, time 2205.05ms, mfu 151.10%
iter 20: loss 3.7118, time 2139.39ms, mfu 151.56%
iter 30: loss 3.3372, time 2259.45ms, mfu 151.15%
iter 40: loss 3.0758, time 2239.24ms, mfu 150.92%
iter 50: loss 2.7670, time 2207.85ms, mfu 150.92%
iter 60: loss 2.4193, time 2208.90ms, mfu 150.91%
iter 70: loss 2.2421, time 2221.35ms, mfu 150.82%
iter 80: loss 1.9425, time 2202.35ms, mfu 150.86%
iter 90: loss 1.9093, time 2211.34ms, mfu 150.84%
iter 100: loss 1.8083, time 2257.62ms, mfu 150.52%
iter 110: loss 1.8286, time 2204.42ms, mfu 150.58%
iter 120: loss 1.6759, time 2162.25ms, mfu 150.93%
iter 130: loss 1.5328, time 2215.78ms, mfu 150.87%
iter 140: loss 1.4694, time 2320.68ms, mfu 150.14%
iter 150: loss 1.1960, time 2154.41ms, mfu 150.59%
iter 160: loss 1.5844, time 2246.93ms, mfu 150.36%
iter 170: loss 1.5968, time 2195.29ms, mfu 150.50%
iter 180: loss 1.6851, time 2402.62ms, mfu 149.32%
iter 190: loss 1.4725, time 2256.28ms, mfu 149.16%
iter 200: loss 1.2481, time 2204.39ms, mfu 149.35%
iter 210: loss 1.4689, time 2189.64ms, mfu 149.64%
iter 220: loss 1.2811, time 2282.42ms, mfu 149.27%
iter 230: loss 1.5206, time 2186.90ms, mfu 149.58%
iter 240: loss 1.5359, time 2250.74ms, mfu 149.42%
iter 250: loss 1.3364, time 2181.65ms, mfu 149.75%
iter 260: loss 1.3007, time 2162.83ms, mfu 150.18%
iter 270: loss 1.2736, time 2183.86ms, mfu 150.42%
iter 280: loss 1.3141, time 2243.51ms, mfu 150.23%
iter 290: loss 1.3255, time 2281.04ms, mfu 149.81%
iter 300: loss 1.3450, time 2126.16ms, mfu 150.50%
iter 310: loss 1.2991, time 2229.68ms, mfu 150.40%
iter 320: loss 1.3479, time 2215.75ms, mfu 150.39%
iter 330: loss 1.2595, time 2278.55ms, mfu 149.98%
iter 340: loss 1.2527, time 2192.80ms, mfu 150.17%
iter 350: loss 1.3345, time 2224.79ms, mfu 150.13%
iter 360: loss 1.5265, time 2299.49ms, mfu 149.61%
iter 370: loss 1.4880, time 2177.52ms, mfu 149.95%
iter 380: loss 1.3012, time 2226.20ms, mfu 149.92%
iter 390: loss 1.4692, time 2102.46ms, mfu 150.77%
iter 400: loss 1.3601, time 2195.79ms, mfu 150.87%
iter 410: loss 1.3512, time 2165.20ms, mfu 151.17%
iter 420: loss 1.1121, time 2221.17ms, mfu 151.05%
iter 430: loss 1.1617, time 2168.27ms, mfu 151.32%
iter 440: loss 1.3644, time 2169.73ms, mfu 151.54%
iter 450: loss 1.1734, time 2143.31ms, mfu 151.93%
iter 460: loss 1.2436, time 2193.46ms, mfu 151.93%
iter 470: loss 1.1679, time 2116.59ms, mfu 152.48%
iter 480: loss 1.3641, time 2227.38ms, mfu 152.19%
iter 490: loss 1.2353, time 2122.50ms, mfu 152.67%
step 500: train loss 1.2435, val loss 1.2656
saving checkpoint to results/aig-large3-topo
iter 500: loss 1.5276, time 20393.34ms, mfu 139.03%
iter 510: loss 1.3929, time 2285.76ms, mfu 139.71%
iter 520: loss 1.2662, time 2207.23ms, mfu 140.83%
iter 530: loss 1.2069, time 2135.66ms, mfu 142.35%
iter 540: loss 1.3984, time 2213.88ms, mfu 143.16%
iter 550: loss 1.2458, time 2214.54ms, mfu 143.89%
iter 560: loss 1.2681, time 2243.99ms, mfu 144.35%
iter 570: loss 1.1099, time 2234.92ms, mfu 144.82%
iter 580: loss 1.3082, time 2222.38ms, mfu 145.33%
iter 590: loss 1.2345, time 2181.39ms, mfu 146.07%
iter 600: loss 1.4053, time 2143.64ms, mfu 147.01%
iter 610: loss 1.1466, time 2226.43ms, mfu 147.27%
iter 620: loss 1.2880, time 2168.98ms, mfu 147.91%
iter 630: loss 1.3619, time 2186.47ms, mfu 148.35%
iter 640: loss 1.3263, time 2208.32ms, mfu 148.61%
iter 650: loss 1.1496, time 2161.10ms, mfu 149.16%
iter 660: loss 1.2289, time 2213.60ms, mfu 149.30%
iter 670: loss 1.3546, time 2184.94ms, mfu 149.62%
iter 680: loss 1.1374, time 2273.40ms, mfu 149.31%
iter 690: loss 1.1792, time 2167.98ms, mfu 149.75%
iter 700: loss 1.2164, time 2211.95ms, mfu 149.84%
iter 710: loss 1.1244, time 2176.39ms, mfu 150.16%
iter 720: loss 0.9624, time 2224.90ms, mfu 150.12%
iter 730: loss 1.0812, time 2221.12ms, mfu 150.11%
iter 740: loss 1.1444, time 2340.23ms, mfu 149.34%
iter 750: loss 1.0619, time 2284.73ms, mfu 148.98%
iter 760: loss 1.2928, time 2203.37ms, mfu 149.21%
iter 770: loss 1.1023, time 2170.24ms, mfu 149.64%
iter 780: loss 1.2249, time 2220.58ms, mfu 149.68%
iter 790: loss 1.0074, time 2157.64ms, mfu 150.15%
iter 800: loss 1.2258, time 2185.85ms, mfu 150.38%
iter 810: loss 1.0246, time 2222.25ms, mfu 150.34%
iter 820: loss 1.1016, time 2114.03ms, mfu 151.06%
iter 830: loss 1.0492, time 2060.54ms, mfu 152.13%
iter 840: loss 1.1308, time 2223.93ms, mfu 151.89%
iter 850: loss 1.0650, time 2165.35ms, mfu 152.09%
iter 860: loss 1.1688, time 2126.58ms, mfu 152.55%
iter 870: loss 1.1197, time 2193.82ms, mfu 152.48%
iter 880: loss 0.8973, time 2186.26ms, mfu 152.47%
iter 890: loss 0.8397, time 2189.95ms, mfu 152.44%
iter 900: loss 1.0268, time 2208.53ms, mfu 152.28%
iter 910: loss 1.1869, time 2242.83ms, mfu 151.91%
iter 920: loss 1.1034, time 2167.45ms, mfu 152.09%
iter 930: loss 1.1129, time 2122.49ms, mfu 152.58%
iter 940: loss 1.0126, time 2278.83ms, mfu 151.94%
iter 950: loss 1.1676, time 2212.10ms, mfu 151.81%
iter 960: loss 1.0612, time 2161.64ms, mfu 152.04%
iter 970: loss 0.8679, time 2219.94ms, mfu 151.85%
iter 980: loss 1.0159, time 2176.84ms, mfu 151.97%
iter 990: loss 0.7322, time 2187.89ms, mfu 152.00%
step 1000: train loss 0.9360, val loss 0.9547
saving checkpoint to results/aig-large3-topo
iter 1000: loss 1.0421, time 17971.86ms, mfu 138.65%
iter 1010: loss 0.8558, time 2154.14ms, mfu 140.25%
iter 1020: loss 0.7638, time 2194.17ms, mfu 141.41%
iter 1030: loss 0.9618, time 2194.71ms, mfu 142.45%
iter 1040: loss 0.8585, time 2157.47ms, mfu 143.65%
iter 1050: loss 0.9855, time 2241.02ms, mfu 144.15%
iter 1060: loss 0.9413, time 2180.10ms, mfu 145.02%
iter 1070: loss 0.9111, time 2113.73ms, mfu 146.28%
iter 1080: loss 0.9930, time 2193.29ms, mfu 146.84%
iter 1090: loss 1.0985, time 2281.47ms, mfu 146.76%
iter 1100: loss 0.7301, time 2106.28ms, mfu 147.91%
iter 1110: loss 0.9826, time 2191.70ms, mfu 148.32%
iter 1120: loss 0.9130, time 2181.28ms, mfu 148.76%
iter 1130: loss 0.9593, time 2271.37ms, mfu 148.55%
iter 1140: loss 0.9381, time 2194.87ms, mfu 148.88%
iter 1150: loss 1.0093, time 2207.54ms, mfu 149.08%
iter 1160: loss 0.7468, time 2174.44ms, mfu 149.50%
iter 1170: loss 0.8331, time 2181.90ms, mfu 149.82%
iter 1180: loss 0.8906, time 2222.85ms, mfu 149.82%
iter 1190: loss 1.1341, time 2122.37ms, mfu 150.54%
iter 1200: loss 0.9115, time 2152.64ms, mfu 150.96%
iter 1210: loss 0.8321, time 2228.38ms, mfu 150.82%
iter 1220: loss 0.8723, time 2151.80ms, mfu 151.22%
iter 1230: loss 0.7902, time 2205.58ms, mfu 151.21%
iter 1240: loss 0.8796, time 2230.43ms, mfu 151.02%
iter 1250: loss 0.8966, time 2113.10ms, mfu 151.69%
iter 1260: loss 0.8154, time 2203.61ms, mfu 151.64%
iter 1270: loss 0.8040, time 2158.82ms, mfu 151.91%
iter 1280: loss 0.7636, time 2220.71ms, mfu 151.72%
iter 1290: loss 0.7809, time 2195.02ms, mfu 151.73%
iter 1300: loss 1.0111, time 2199.46ms, mfu 151.70%
iter 1310: loss 0.6896, time 2219.85ms, mfu 151.54%
iter 1320: loss 0.8170, time 2244.05ms, mfu 151.24%
iter 1330: loss 0.7987, time 2155.24ms, mfu 151.57%
iter 1340: loss 0.7876, time 2144.78ms, mfu 151.95%
iter 1350: loss 0.7322, time 2203.87ms, mfu 151.87%
iter 1360: loss 0.8163, time 2230.92ms, mfu 151.62%
iter 1370: loss 0.7986, time 2258.88ms, mfu 151.21%
iter 1380: loss 0.9952, time 2216.50ms, mfu 151.12%
iter 1390: loss 0.9250, time 2248.69ms, mfu 150.82%
iter 1400: loss 0.6865, time 2146.43ms, mfu 151.26%
iter 1410: loss 0.6902, time 2232.61ms, mfu 151.06%
iter 1420: loss 0.7653, time 2213.16ms, mfu 151.01%
iter 1430: loss 0.8302, time 2215.54ms, mfu 150.95%
iter 1440: loss 0.7226, time 2225.28ms, mfu 150.82%
iter 1450: loss 0.7167, time 2240.46ms, mfu 150.61%
iter 1460: loss 0.7792, time 2174.29ms, mfu 150.88%
iter 1470: loss 0.7991, time 2173.06ms, mfu 151.12%
iter 1480: loss 0.6668, time 2182.83ms, mfu 151.27%
iter 1490: loss 0.6788, time 2221.82ms, mfu 151.14%
step 1500: train loss 0.6736, val loss 0.6834
saving checkpoint to results/aig-large3-topo
iter 1500: loss 0.6808, time 18008.20ms, mfu 137.88%
iter 1510: loss 0.6622, time 2168.97ms, mfu 139.45%
iter 1520: loss 0.8256, time 2214.92ms, mfu 140.55%
iter 1530: loss 0.6096, time 2237.60ms, mfu 141.38%
iter 1540: loss 0.8426, time 2170.60ms, mfu 142.59%
iter 1550: loss 0.8377, time 2239.79ms, mfu 143.21%
iter 1560: loss 0.6060, time 2264.19ms, mfu 143.60%
iter 1570: loss 0.7061, time 2170.94ms, mfu 144.59%
iter 1580: loss 0.7321, time 2124.19ms, mfu 145.82%
iter 1590: loss 0.6458, time 2164.07ms, mfu 146.63%
iter 1600: loss 0.7276, time 2189.55ms, mfu 147.19%
iter 1610: loss 0.6703, time 2175.62ms, mfu 147.78%
iter 1620: loss 0.8401, time 2147.90ms, mfu 148.52%
iter 1630: loss 0.7195, time 2212.11ms, mfu 148.73%
iter 1640: loss 0.6142, time 2176.25ms, mfu 149.16%
iter 1650: loss 0.6278, time 2163.44ms, mfu 149.65%
iter 1660: loss 0.8866, time 2180.37ms, mfu 149.96%
iter 1670: loss 0.5512, time 2206.50ms, mfu 150.07%
iter 1680: loss 0.5569, time 2182.55ms, mfu 150.33%
iter 1690: loss 0.6051, time 2156.25ms, mfu 150.74%
iter 1700: loss 0.6808, time 2183.81ms, mfu 150.93%
iter 1710: loss 0.5810, time 2217.68ms, mfu 150.86%
iter 1720: loss 0.7357, time 2203.42ms, mfu 150.89%
iter 1730: loss 0.7712, time 2244.11ms, mfu 150.65%
iter 1740: loss 0.5917, time 2195.45ms, mfu 150.76%
iter 1750: loss 0.7005, time 2173.78ms, mfu 151.01%
iter 1760: loss 0.6107, time 2216.13ms, mfu 150.95%
iter 1770: loss 0.6210, time 2172.13ms, mfu 151.19%
iter 1780: loss 0.4832, time 2264.03ms, mfu 150.79%
iter 1790: loss 0.6558, time 2179.63ms, mfu 151.00%
iter 1800: loss 0.5084, time 2186.05ms, mfu 151.14%
iter 1810: loss 0.7866, time 2104.63ms, mfu 151.85%
iter 1820: loss 0.6322, time 2195.13ms, mfu 151.85%
iter 1830: loss 0.5706, time 2202.65ms, mfu 151.79%
iter 1840: loss 0.5026, time 2226.08ms, mfu 151.58%
iter 1850: loss 0.6079, time 2170.27ms, mfu 151.77%
iter 1860: loss 0.4987, time 2101.64ms, mfu 152.45%
iter 1870: loss 0.6247, time 2252.15ms, mfu 152.00%
iter 1880: loss 0.6607, time 2249.46ms, mfu 151.61%
iter 1890: loss 0.4717, time 2281.95ms, mfu 151.05%
iter 1900: loss 0.6131, time 2195.61ms, mfu 151.12%
iter 1910: loss 0.4390, time 2118.93ms, mfu 151.73%
iter 1920: loss 0.4711, time 2174.13ms, mfu 151.88%
iter 1930: loss 0.6367, time 2241.03ms, mfu 151.56%
iter 1940: loss 0.6844, time 2127.15ms, mfu 152.07%
iter 1950: loss 0.6710, time 2297.76ms, mfu 151.36%
iter 1960: loss 0.7318, time 2181.07ms, mfu 151.50%
iter 1970: loss 0.6158, time 2205.68ms, mfu 151.46%
iter 1980: loss 0.5533, time 2158.31ms, mfu 151.75%
iter 1990: loss 0.5499, time 2210.71ms, mfu 151.64%
step 2000: train loss 0.5680, val loss 0.5848
saving checkpoint to results/aig-large3-topo
iter 2000: loss 0.4253, time 18026.87ms, mfu 138.33%
iter 2010: loss 0.5337, time 2145.27ms, mfu 140.03%
iter 2020: loss 0.5012, time 2220.07ms, mfu 141.03%
iter 2030: loss 0.5233, time 2217.33ms, mfu 141.95%
iter 2040: loss 0.5038, time 2146.40ms, mfu 143.28%
iter 2050: loss 0.5428, time 2143.25ms, mfu 144.50%
iter 2060: loss 0.6167, time 2181.79ms, mfu 145.32%
iter 2070: loss 0.5495, time 2152.37ms, mfu 146.27%
iter 2080: loss 0.7094, time 2122.72ms, mfu 147.34%
iter 2090: loss 0.7494, time 2191.51ms, mfu 147.81%
iter 2100: loss 0.7409, time 2232.46ms, mfu 147.95%
iter 2110: loss 0.5044, time 2209.39ms, mfu 148.24%
iter 2120: loss 0.6013, time 2183.08ms, mfu 148.67%
iter 2130: loss 0.4468, time 2228.96ms, mfu 148.75%
iter 2140: loss 0.5755, time 2167.60ms, mfu 149.25%
iter 2150: loss 0.6121, time 2140.05ms, mfu 149.89%
iter 2160: loss 0.6436, time 2238.41ms, mfu 149.79%
iter 2170: loss 0.6437, time 2153.60ms, mfu 150.28%
iter 2180: loss 0.4296, time 2113.69ms, mfu 151.02%
iter 2190: loss 0.5516, time 2122.86ms, mfu 151.61%
iter 2200: loss 0.6401, time 2204.84ms, mfu 151.56%
iter 2210: loss 0.3758, time 2287.77ms, mfu 150.97%
iter 2220: loss 0.6242, time 2202.77ms, mfu 151.00%
iter 2230: loss 0.6139, time 2181.06ms, mfu 151.17%
iter 2240: loss 0.5176, time 2204.56ms, mfu 151.17%
iter 2250: loss 0.6299, time 2147.04ms, mfu 151.57%
iter 2260: loss 0.6519, time 2216.10ms, mfu 151.45%
iter 2270: loss 0.4369, time 2160.69ms, mfu 151.72%
iter 2280: loss 0.5098, time 2225.93ms, mfu 151.52%
iter 2290: loss 0.5896, time 2109.60ms, mfu 152.16%
iter 2300: loss 0.5316, time 2208.26ms, mfu 152.03%
iter 2310: loss 0.5775, time 2125.32ms, mfu 152.51%
iter 2320: loss 0.5242, time 2099.34ms, mfu 153.13%
iter 2330: loss 0.5627, time 2175.20ms, mfu 153.13%
iter 2340: loss 0.4150, time 2220.53ms, mfu 152.82%
iter 2350: loss 0.5455, time 2171.00ms, mfu 152.89%
iter 2360: loss 0.4220, time 2188.62ms, mfu 152.82%
iter 2370: loss 0.5250, time 2191.69ms, mfu 152.74%
iter 2380: loss 0.5744, time 2168.00ms, mfu 152.84%
iter 2390: loss 0.4291, time 2161.77ms, mfu 152.96%
iter 2400: loss 0.4865, time 2141.75ms, mfu 153.22%
iter 2410: loss 0.4804, time 2211.49ms, mfu 152.97%
iter 2420: loss 0.5560, time 2169.28ms, mfu 153.03%
iter 2430: loss 0.3975, time 2168.69ms, mfu 153.09%
iter 2440: loss 0.5432, time 2174.45ms, mfu 153.10%
iter 2450: loss 0.5795, time 2148.47ms, mfu 153.30%
iter 2460: loss 0.5668, time 2233.39ms, mfu 152.89%
iter 2470: loss 0.4538, time 2210.09ms, mfu 152.68%
iter 2480: loss 0.5511, time 2171.78ms, mfu 152.75%
iter 2490: loss 0.5913, time 2238.29ms, mfu 152.36%
step 2500: train loss 0.4787, val loss 0.4921
saving checkpoint to results/aig-large3-topo
iter 2500: loss 0.3794, time 18002.42ms, mfu 138.97%
iter 2510: loss 0.6163, time 2214.03ms, mfu 140.13%
iter 2520: loss 0.3873, time 2203.48ms, mfu 141.23%
iter 2530: loss 0.5430, time 2172.92ms, mfu 142.44%
iter 2540: loss 0.5304, time 2139.97ms, mfu 143.77%
iter 2550: loss 0.5033, time 2186.93ms, mfu 144.63%
iter 2560: loss 0.5185, time 2146.72ms, mfu 145.68%
iter 2570: loss 0.5264, time 2192.64ms, mfu 146.31%
iter 2580: loss 0.3918, time 2182.09ms, mfu 146.95%
iter 2590: loss 0.5100, time 2243.16ms, mfu 147.11%
iter 2600: loss 0.4496, time 2159.41ms, mfu 147.83%
iter 2610: loss 0.5432, time 2166.18ms, mfu 148.42%
iter 2620: loss 0.5867, time 2204.85ms, mfu 148.69%
iter 2630: loss 0.3955, time 2240.15ms, mfu 148.70%
iter 2640: loss 0.4260, time 2203.58ms, mfu 148.95%
iter 2650: loss 0.5215, time 2270.01ms, mfu 148.73%
iter 2660: loss 0.4482, time 2223.23ms, mfu 148.84%
iter 2670: loss 0.5109, time 2160.46ms, mfu 149.38%
iter 2680: loss 0.5132, time 2290.14ms, mfu 148.99%
iter 2690: loss 0.5083, time 2130.32ms, mfu 149.73%
iter 2700: loss 0.3713, time 2202.22ms, mfu 149.89%
iter 2710: loss 0.4121, time 2184.89ms, mfu 150.15%
iter 2720: loss 0.4118, time 2184.51ms, mfu 150.39%
iter 2730: loss 0.4608, time 2133.76ms, mfu 150.96%
iter 2740: loss 0.5255, time 2245.50ms, mfu 150.70%
iter 2750: loss 0.4025, time 2242.77ms, mfu 150.49%
iter 2760: loss 0.4011, time 2287.62ms, mfu 150.00%
iter 2770: loss 0.4260, time 2206.82ms, mfu 150.10%
iter 2780: loss 0.4749, time 2143.01ms, mfu 150.64%
iter 2790: loss 0.4936, time 2145.19ms, mfu 151.11%
iter 2800: loss 0.5174, time 2155.49ms, mfu 151.45%
iter 2810: loss 0.4064, time 2183.61ms, mfu 151.57%
iter 2820: loss 0.3845, time 2168.82ms, mfu 151.77%
iter 2830: loss 0.4658, time 2225.38ms, mfu 151.57%
iter 2840: loss 0.5240, time 2228.06ms, mfu 151.36%
iter 2850: loss 0.4471, time 2182.54ms, mfu 151.49%
iter 2860: loss 0.5292, time 2225.90ms, mfu 151.31%
iter 2870: loss 0.5265, time 2200.86ms, mfu 151.32%
iter 2880: loss 0.4291, time 2124.85ms, mfu 151.87%
iter 2890: loss 0.4810, time 2137.89ms, mfu 152.27%
iter 2900: loss 0.4889, time 2186.84ms, mfu 152.27%
iter 2910: loss 0.5098, time 2208.20ms, mfu 152.14%
iter 2920: loss 0.4479, time 2158.52ms, mfu 152.36%
iter 2930: loss 0.4399, time 2168.28ms, mfu 152.49%
iter 2940: loss 0.4608, time 2209.86ms, mfu 152.32%
iter 2950: loss 0.4425, time 2151.74ms, mfu 152.57%
iter 2960: loss 0.3828, time 2191.62ms, mfu 152.51%
iter 2970: loss 0.3862, time 2130.51ms, mfu 152.90%
iter 2980: loss 0.4948, time 2132.19ms, mfu 153.24%
iter 2990: loss 0.3924, time 2126.88ms, mfu 153.58%
step 3000: train loss 0.4434, val loss 0.4581
saving checkpoint to results/aig-large3-topo
iter 3000: loss 0.4379, time 18075.36ms, mfu 140.06%
iter 3010: loss 0.4155, time 2208.07ms, mfu 141.15%
iter 3020: loss 0.4767, time 2220.79ms, mfu 142.04%
iter 3030: loss 0.4628, time 2133.10ms, mfu 143.45%
iter 3040: loss 0.4910, time 2207.07ms, mfu 144.20%
iter 3050: loss 0.4205, time 2228.62ms, mfu 144.73%
iter 3060: loss 0.4496, time 2106.94ms, mfu 146.07%
iter 3070: loss 0.4913, time 2236.81ms, mfu 146.36%
iter 3080: loss 0.4248, time 2201.24ms, mfu 146.86%
iter 3090: loss 0.3895, time 2190.27ms, mfu 147.39%
iter 3100: loss 0.4380, time 2190.18ms, mfu 147.86%
iter 3110: loss 0.3850, time 2174.15ms, mfu 148.40%
iter 3120: loss 0.4774, time 2231.65ms, mfu 148.49%
iter 3130: loss 0.4662, time 2208.86ms, mfu 148.72%
iter 3140: loss 0.3957, time 2152.00ms, mfu 149.33%
iter 3150: loss 0.4659, time 2159.44ms, mfu 149.83%
iter 3160: loss 0.3683, time 2221.79ms, mfu 149.84%
iter 3170: loss 0.4280, time 2197.62ms, mfu 150.02%
iter 3180: loss 0.3893, time 2147.81ms, mfu 150.53%
iter 3190: loss 0.4485, time 2200.58ms, mfu 150.62%
iter 3200: loss 0.4665, time 2252.12ms, mfu 150.35%
iter 3210: loss 0.4292, time 2104.16ms, mfu 151.15%
iter 3220: loss 0.4770, time 2253.57ms, mfu 150.82%
iter 3230: loss 0.4406, time 2168.15ms, mfu 151.10%
iter 3240: loss 0.3984, time 2415.41ms, mfu 149.79%
iter 3250: loss 0.5020, time 2145.99ms, mfu 150.33%
iter 3260: loss 0.4991, time 2161.06ms, mfu 150.72%
iter 3270: loss 0.3989, time 2158.67ms, mfu 151.08%
iter 3280: loss 0.4359, time 2187.61ms, mfu 151.20%
iter 3290: loss 0.4242, time 2208.99ms, mfu 151.17%
iter 3300: loss 0.3855, time 2164.45ms, mfu 151.44%
iter 3310: loss 0.3864, time 2167.39ms, mfu 151.67%
iter 3320: loss 0.4087, time 2126.68ms, mfu 152.17%
iter 3330: loss 0.4025, time 2247.95ms, mfu 151.78%
iter 3340: loss 0.4000, time 2196.33ms, mfu 151.77%
iter 3350: loss 0.3715, time 2173.98ms, mfu 151.92%
iter 3360: loss 0.3896, time 2166.03ms, mfu 152.11%
iter 3370: loss 0.4043, time 2205.17ms, mfu 152.01%
iter 3380: loss 0.4641, time 2166.36ms, mfu 152.18%
iter 3390: loss 0.4809, time 2231.66ms, mfu 151.90%
iter 3400: loss 0.4122, time 2207.34ms, mfu 151.80%
iter 3410: loss 0.4154, time 2195.49ms, mfu 151.80%
iter 3420: loss 0.3897, time 2228.88ms, mfu 151.56%
iter 3430: loss 0.3761, time 2142.69ms, mfu 151.96%
iter 3440: loss 0.4533, time 2176.39ms, mfu 152.07%
iter 3450: loss 0.4878, time 2176.11ms, mfu 152.17%
iter 3460: loss 0.4372, time 2185.81ms, mfu 152.20%
iter 3470: loss 0.3597, time 2210.03ms, mfu 152.06%
iter 3480: loss 0.3767, time 2218.35ms, mfu 151.87%
iter 3490: loss 0.4760, time 2230.53ms, mfu 151.62%
step 3500: train loss 0.4101, val loss 0.4318
saving checkpoint to results/aig-large3-topo
iter 3500: loss 0.4470, time 17991.28ms, mfu 138.31%
iter 3510: loss 0.3920, time 2229.06ms, mfu 139.43%
iter 3520: loss 0.3950, time 2225.25ms, mfu 140.46%
iter 3530: loss 0.4793, time 2248.61ms, mfu 141.23%
iter 3540: loss 0.4395, time 2160.58ms, mfu 142.53%
iter 3550: loss 0.4383, time 2197.05ms, mfu 143.44%
iter 3560: loss 0.4262, time 2203.37ms, mfu 144.22%
iter 3570: loss 0.4071, time 2160.45ms, mfu 145.22%
iter 3580: loss 0.4250, time 2177.03ms, mfu 146.00%
iter 3590: loss 0.4813, time 2192.91ms, mfu 146.59%
iter 3600: loss 0.4056, time 2253.32ms, mfu 146.72%
iter 3610: loss 0.4345, time 2217.29ms, mfu 147.07%
iter 3620: loss 0.4601, time 2143.95ms, mfu 147.91%
iter 3630: loss 0.4278, time 2203.31ms, mfu 148.24%
iter 3640: loss 0.3780, time 2221.95ms, mfu 148.41%
iter 3650: loss 0.4517, time 2185.70ms, mfu 148.81%
iter 3660: loss 0.3400, time 2198.21ms, mfu 149.09%
iter 3670: loss 0.4030, time 2232.78ms, mfu 149.10%
iter 3680: loss 0.4422, time 2153.23ms, mfu 149.66%
iter 3690: loss 0.4088, time 2208.98ms, mfu 149.78%
iter 3700: loss 0.4323, time 2168.95ms, mfu 150.16%
iter 3710: loss 0.4256, time 2188.22ms, mfu 150.37%
iter 3720: loss 0.4008, time 2096.78ms, mfu 151.23%
iter 3730: loss 0.4150, time 2208.28ms, mfu 151.19%
iter 3740: loss 0.4122, time 2210.47ms, mfu 151.15%
iter 3750: loss 0.3421, time 2142.69ms, mfu 151.58%
iter 3760: loss 0.4213, time 2182.02ms, mfu 151.69%
iter 3770: loss 0.4561, time 2200.25ms, mfu 151.67%
iter 3780: loss 0.3767, time 2222.48ms, mfu 151.49%
iter 3790: loss 0.4347, time 2229.56ms, mfu 151.29%
iter 3800: loss 0.4336, time 2180.32ms, mfu 151.44%
iter 3810: loss 0.4585, time 2195.35ms, mfu 151.47%
iter 3820: loss 0.4567, time 2180.38ms, mfu 151.60%
iter 3830: loss 0.4363, time 2191.26ms, mfu 151.65%
iter 3840: loss 0.4653, time 2167.84ms, mfu 151.85%
iter 3850: loss 0.4312, time 2283.47ms, mfu 151.26%
iter 3860: loss 0.3646, time 2257.61ms, mfu 150.89%
iter 3870: loss 0.3893, time 2168.81ms, mfu 151.16%
iter 3880: loss 0.4295, time 2187.53ms, mfu 151.28%
iter 3890: loss 0.4407, time 2205.08ms, mfu 151.26%
iter 3900: loss 0.4091, time 2238.04ms, mfu 151.02%
iter 3910: loss 0.3714, time 2134.19ms, mfu 151.53%
iter 3920: loss 0.3715, time 2172.06ms, mfu 151.72%
iter 3930: loss 0.4055, time 2198.43ms, mfu 151.70%
iter 3940: loss 0.3885, time 2200.56ms, mfu 151.67%
iter 3950: loss 0.3700, time 2217.66ms, mfu 151.53%
iter 3960: loss 0.3692, time 2210.16ms, mfu 151.45%
iter 3970: loss 0.4082, time 2112.49ms, mfu 152.08%
iter 3980: loss 0.3957, time 2156.34ms, mfu 152.32%
iter 3990: loss 0.4209, time 2156.85ms, mfu 152.54%
step 4000: train loss 0.3853, val loss 0.4193
saving checkpoint to results/aig-large3-topo
iter 4000: loss 0.3584, time 17922.31ms, mfu 139.14%
iter 4010: loss 0.3549, time 2226.20ms, mfu 140.19%
iter 4020: loss 0.3924, time 2177.11ms, mfu 141.48%
iter 4030: loss 0.4432, time 2116.14ms, mfu 143.08%
iter 4040: loss 0.3819, time 2246.46ms, mfu 143.60%
iter 4050: loss 0.3888, time 2154.48ms, mfu 144.70%
iter 4060: loss 0.4116, time 2235.18ms, mfu 145.14%
iter 4070: loss 0.3562, time 2249.10ms, mfu 145.44%
iter 4080: loss 0.4265, time 2171.57ms, mfu 146.24%
iter 4090: loss 0.3998, time 2198.68ms, mfu 146.77%
iter 4100: loss 0.3256, time 2192.60ms, mfu 147.29%
iter 4110: loss 0.3970, time 2179.53ms, mfu 147.85%
iter 4120: loss 0.3908, time 2182.56ms, mfu 148.33%
iter 4130: loss 0.3695, time 2354.03ms, mfu 147.65%
iter 4140: loss 0.3878, time 2228.82ms, mfu 147.83%
iter 4150: loss 0.4049, time 2147.93ms, mfu 148.56%
iter 4160: loss 0.3660, time 2226.93ms, mfu 148.67%
iter 4170: loss 0.4345, time 2184.78ms, mfu 149.05%
iter 4180: loss 0.4101, time 2121.84ms, mfu 149.85%
iter 4190: loss 0.3699, time 2164.36ms, mfu 150.26%
iter 4200: loss 0.3712, time 2205.15ms, mfu 150.34%
iter 4210: loss 0.4169, time 2275.73ms, mfu 149.95%
iter 4220: loss 0.3128, time 2361.16ms, mfu 149.06%
iter 4230: loss 0.3773, time 2185.24ms, mfu 149.40%
iter 4240: loss 0.3363, time 2220.21ms, mfu 149.47%
iter 4250: loss 0.4081, time 2190.68ms, mfu 149.73%
iter 4260: loss 0.4065, time 2210.93ms, mfu 149.83%
iter 4270: loss 0.4151, time 2190.88ms, mfu 150.05%
iter 4280: loss 0.4428, time 2188.45ms, mfu 150.27%
iter 4290: loss 0.3821, time 2095.75ms, mfu 151.14%
iter 4300: loss 0.4088, time 2177.06ms, mfu 151.33%
iter 4310: loss 0.3093, time 2373.13ms, mfu 150.24%
iter 4320: loss 0.3730, time 2170.07ms, mfu 150.57%
iter 4330: loss 0.4309, time 2199.86ms, mfu 150.66%
iter 4340: loss 0.3449, time 2237.66ms, mfu 150.48%
iter 4350: loss 0.3267, time 2198.06ms, mfu 150.59%
iter 4360: loss 0.4383, time 2135.18ms, mfu 151.14%
iter 4370: loss 0.3922, time 2136.90ms, mfu 151.61%
iter 4380: loss 0.3933, time 2116.34ms, mfu 152.20%
iter 4390: loss 0.3890, time 2120.60ms, mfu 152.69%
iter 4400: loss 0.3870, time 2164.53ms, mfu 152.81%
iter 4410: loss 0.3179, time 2213.25ms, mfu 152.59%
iter 4420: loss 0.3840, time 2210.32ms, mfu 152.40%
iter 4430: loss 0.3805, time 2090.77ms, mfu 153.10%
iter 4440: loss 0.3701, time 2143.67ms, mfu 153.33%
iter 4450: loss 0.4220, time 2198.86ms, mfu 153.15%
iter 4460: loss 0.4042, time 2268.66ms, mfu 152.52%
iter 4470: loss 0.3748, time 2207.15ms, mfu 152.36%
iter 4480: loss 0.3777, time 2197.93ms, mfu 152.29%
iter 4490: loss 0.3940, time 2195.05ms, mfu 152.24%
step 4500: train loss 0.3637, val loss 0.4113
saving checkpoint to results/aig-large3-topo
iter 4500: loss 0.3342, time 17874.29ms, mfu 138.88%
iter 4510: loss 0.4067, time 2170.46ms, mfu 140.34%
iter 4520: loss 0.3601, time 2195.05ms, mfu 141.48%
iter 4530: loss 0.4042, time 2266.67ms, mfu 142.04%
iter 4540: loss 0.3802, time 2232.53ms, mfu 142.76%
iter 4550: loss 0.4065, time 2204.52ms, mfu 143.59%
iter 4560: loss 0.3459, time 2150.84ms, mfu 144.72%
iter 4570: loss 0.3994, time 2160.42ms, mfu 145.67%
iter 4580: loss 0.3693, time 2197.49ms, mfu 146.27%
iter 4590: loss 0.4020, time 2196.23ms, mfu 146.81%
iter 4600: loss 0.3548, time 2256.92ms, mfu 146.89%
iter 4610: loss 0.3369, time 2241.76ms, mfu 147.07%
iter 4620: loss 0.3905, time 2165.20ms, mfu 147.75%
iter 4630: loss 0.4219, time 2223.90ms, mfu 147.96%
iter 4640: loss 0.3197, time 2140.44ms, mfu 148.73%
iter 4650: loss 0.3495, time 2195.19ms, mfu 149.03%
iter 4660: loss 0.3497, time 2218.29ms, mfu 149.15%
iter 4670: loss 0.3712, time 2196.45ms, mfu 149.40%
iter 4680: loss 0.3755, time 2166.65ms, mfu 149.84%
iter 4690: loss 0.3976, time 2135.40ms, mfu 150.46%
iter 4700: loss 0.3964, time 2197.54ms, mfu 150.57%
iter 4710: loss 0.4348, time 2198.02ms, mfu 150.67%
iter 4720: loss 0.3829, time 2136.74ms, mfu 151.20%
iter 4730: loss 0.3948, time 2131.17ms, mfu 151.71%
iter 4740: loss 0.3252, time 2188.51ms, mfu 151.77%
iter 4750: loss 0.3565, time 2177.81ms, mfu 151.89%
iter 4760: loss 0.4124, time 2283.49ms, mfu 151.29%
iter 4770: loss 0.3829, time 2261.15ms, mfu 150.90%
iter 4780: loss 0.3980, time 2162.54ms, mfu 151.21%
iter 4790: loss 0.3797, time 2166.77ms, mfu 151.47%
iter 4800: loss 0.3593, time 2217.12ms, mfu 151.35%
iter 4810: loss 0.3210, time 2164.18ms, mfu 151.61%
iter 4820: loss 0.3238, time 2225.32ms, mfu 151.42%
iter 4830: loss 0.3315, time 2157.61ms, mfu 151.72%
iter 4840: loss 0.3956, time 2224.41ms, mfu 151.53%
iter 4850: loss 0.4322, time 2201.98ms, mfu 151.51%
iter 4860: loss 0.3406, time 2204.72ms, mfu 151.47%
iter 4870: loss 0.3212, time 2196.24ms, mfu 151.49%
iter 4880: loss 0.4313, time 2191.56ms, mfu 151.55%
iter 4890: loss 0.3881, time 2231.56ms, mfu 151.32%
iter 4900: loss 0.3407, time 2212.82ms, mfu 151.25%
iter 4910: loss 0.3493, time 2217.12ms, mfu 151.15%
iter 4920: loss 0.3782, time 2153.55ms, mfu 151.51%
iter 4930: loss 0.3326, time 2211.55ms, mfu 151.42%
iter 4940: loss 0.3448, time 2203.20ms, mfu 151.40%
iter 4950: loss 0.4188, time 2166.79ms, mfu 151.64%
iter 4960: loss 0.3949, time 2174.02ms, mfu 151.80%
iter 4970: loss 0.4063, time 2212.79ms, mfu 151.68%
iter 4980: loss 0.3934, time 2314.40ms, mfu 150.90%
iter 4990: loss 0.4002, time 2126.67ms, mfu 151.48%
step 5000: train loss 0.3469, val loss 0.4099
saving checkpoint to results/aig-large3-topo
iter 5000: loss 0.3409, time 18015.00ms, mfu 138.18%
iter 5010: loss 0.4068, time 2175.42ms, mfu 139.68%
iter 5020: loss 0.2980, time 2200.71ms, mfu 140.85%
iter 5030: loss 0.3794, time 2211.31ms, mfu 141.83%
iter 5040: loss 0.3569, time 2161.23ms, mfu 143.07%
iter 5050: loss 0.3608, time 2137.14ms, mfu 144.35%
iter 5060: loss 0.3799, time 2262.53ms, mfu 144.64%
iter 5070: loss 0.3577, time 2180.30ms, mfu 145.46%
iter 5080: loss 0.4100, time 2222.37ms, mfu 145.90%
iter 5090: loss 0.4180, time 2144.32ms, mfu 146.85%
iter 5100: loss 0.3543, time 2192.76ms, mfu 147.36%
iter 5110: loss 0.3311, time 2144.05ms, mfu 148.16%
iter 5120: loss 0.3723, time 2188.40ms, mfu 148.57%
iter 5130: loss 0.3843, time 2214.25ms, mfu 148.76%
iter 5140: loss 0.3300, time 2140.65ms, mfu 149.45%
iter 5150: loss 0.3606, time 2215.55ms, mfu 149.54%
iter 5160: loss 0.3361, time 2261.23ms, mfu 149.32%
iter 5170: loss 0.3625, time 2293.33ms, mfu 148.92%
iter 5180: loss 0.4030, time 2140.23ms, mfu 149.60%
iter 5190: loss 0.3791, time 2176.61ms, mfu 149.94%
iter 5200: loss 0.3334, time 2150.92ms, mfu 150.44%
iter 5210: loss 0.3272, time 2162.78ms, mfu 150.80%
iter 5220: loss 0.3531, time 2221.39ms, mfu 150.72%
iter 5230: loss 0.3790, time 2215.95ms, mfu 150.68%
iter 5240: loss 0.3689, time 2146.42ms, mfu 151.14%
iter 5250: loss 0.3333, time 2165.09ms, mfu 151.41%
iter 5260: loss 0.3387, time 2241.54ms, mfu 151.14%
iter 5270: loss 0.3732, time 2195.14ms, mfu 151.20%
iter 5280: loss 0.3679, time 2183.80ms, mfu 151.34%
iter 5290: loss 0.3125, time 2266.27ms, mfu 150.90%
iter 5300: loss 0.3900, time 2198.16ms, mfu 150.97%
iter 5310: loss 0.3792, time 2225.95ms, mfu 150.84%
iter 5320: loss 0.3427, time 2175.86ms, mfu 151.07%
iter 5330: loss 0.3914, time 2159.25ms, mfu 151.39%
iter 5340: loss 0.3703, time 2150.90ms, mfu 151.75%
iter 5350: loss 0.3432, time 2205.78ms, mfu 151.68%
iter 5360: loss 0.3432, time 2261.09ms, mfu 151.24%
iter 5370: loss 0.3537, time 2200.26ms, mfu 151.26%
iter 5380: loss 0.3580, time 2314.32ms, mfu 150.53%
iter 5390: loss 0.3803, time 2185.13ms, mfu 150.73%
iter 5400: loss 0.3664, time 2247.44ms, mfu 150.48%
iter 5410: loss 0.3196, time 2094.00ms, mfu 151.34%
iter 5420: loss 0.3870, time 2150.44ms, mfu 151.70%
iter 5430: loss 0.3435, time 2210.50ms, mfu 151.60%
iter 5440: loss 0.3620, time 2157.25ms, mfu 151.89%
iter 5450: loss 0.3447, time 2220.07ms, mfu 151.71%
iter 5460: loss 0.3212, time 2160.35ms, mfu 151.96%
iter 5470: loss 0.3343, time 2196.61ms, mfu 151.93%
iter 5480: loss 0.3120, time 2194.86ms, mfu 151.92%
iter 5490: loss 0.3879, time 2178.71ms, mfu 152.02%
step 5500: train loss 0.3236, val loss 0.4192
iter 5500: loss 0.3675, time 16040.63ms, mfu 138.89%
iter 5510: loss 0.3580, time 2193.57ms, mfu 140.19%
iter 5520: loss 0.3815, time 2200.16ms, mfu 141.32%
iter 5530: loss 0.3573, time 2176.58ms, mfu 142.49%
iter 5540: loss 0.3474, time 2148.08ms, mfu 143.75%
iter 5550: loss 0.3633, time 2157.35ms, mfu 144.82%
iter 5560: loss 0.3969, time 2121.57ms, mfu 146.05%
iter 5570: loss 0.3882, time 2165.69ms, mfu 146.83%
iter 5580: loss 0.3589, time 2219.16ms, mfu 147.16%
iter 5590: loss 0.3353, time 2195.70ms, mfu 147.62%
iter 5600: loss 0.3265, time 2154.32ms, mfu 148.32%
iter 5610: loss 0.3694, time 2108.17ms, mfu 149.29%
iter 5620: loss 0.3439, time 2126.55ms, mfu 150.03%
iter 5630: loss 0.3438, time 2183.60ms, mfu 150.29%
iter 5640: loss 0.3338, time 2141.51ms, mfu 150.82%
iter 5650: loss 0.3270, time 2197.03ms, mfu 150.90%
iter 5660: loss 0.3415, time 2157.54ms, mfu 151.25%
iter 5670: loss 0.3539, time 2114.45ms, mfu 151.88%
iter 5680: loss 0.3232, time 2149.68ms, mfu 152.19%
iter 5690: loss 0.3598, time 2195.80ms, mfu 152.15%
iter 5700: loss 0.3080, time 2181.69ms, mfu 152.21%
iter 5710: loss 0.3561, time 2222.52ms, mfu 151.98%
iter 5720: loss 0.3353, time 2191.98ms, mfu 151.98%
iter 5730: loss 0.3239, time 2234.11ms, mfu 151.69%
iter 5740: loss 0.3369, time 2155.03ms, mfu 151.99%
iter 5750: loss 0.3844, time 2177.09ms, mfu 152.09%
iter 5760: loss 0.3256, time 2186.83ms, mfu 152.12%
iter 5770: loss 0.3503, time 2206.05ms, mfu 152.01%
iter 5780: loss 0.3462, time 2245.44ms, mfu 151.65%
iter 5790: loss 0.3616, time 2182.27ms, mfu 151.75%
iter 5800: loss 0.3258, time 2186.40ms, mfu 151.81%
iter 5810: loss 0.3491, time 2171.34ms, mfu 151.98%
iter 5820: loss 0.3228, time 2200.67ms, mfu 151.92%
iter 5830: loss 0.3434, time 2188.95ms, mfu 151.95%
iter 5840: loss 0.3140, time 2155.19ms, mfu 152.21%
iter 5850: loss 0.3553, time 2151.15ms, mfu 152.48%
iter 5860: loss 0.3246, time 2156.32ms, mfu 152.68%
iter 5870: loss 0.3399, time 2155.39ms, mfu 152.87%
iter 5880: loss 0.3310, time 2156.10ms, mfu 153.04%
iter 5890: loss 0.3199, time 2182.73ms, mfu 153.00%
iter 5900: loss 0.3111, time 2162.29ms, mfu 153.11%
iter 5910: loss 0.3449, time 2230.89ms, mfu 152.73%
iter 5920: loss 0.2902, time 2217.52ms, mfu 152.48%
iter 5930: loss 0.3384, time 2233.41ms, mfu 152.15%
iter 5940: loss 0.3418, time 2228.59ms, mfu 151.89%
iter 5950: loss 0.3135, time 2263.67ms, mfu 151.42%
iter 5960: loss 0.3459, time 2236.89ms, mfu 151.17%
iter 5970: loss 0.3585, time 2216.16ms, mfu 151.09%
iter 5980: loss 0.3175, time 2223.40ms, mfu 150.96%
iter 5990: loss 0.3297, time 2205.81ms, mfu 150.97%
step 6000: train loss 0.2949, val loss 0.4333
iter 6000: loss 0.3008, time 16137.79ms, mfu 137.94%
iter 6010: loss 0.2967, time 2233.66ms, mfu 139.06%
iter 6020: loss 0.3328, time 2131.87ms, mfu 140.78%
iter 6030: loss 0.3044, time 2152.02ms, mfu 142.19%
iter 6040: loss 0.3001, time 2149.29ms, mfu 143.47%
iter 6050: loss 0.3612, time 2252.27ms, mfu 143.92%
iter 6060: loss 0.3393, time 2215.36ms, mfu 144.57%
iter 6070: loss 0.3175, time 2149.00ms, mfu 145.61%
iter 6080: loss 0.3171, time 2155.92ms, mfu 146.51%
iter 6090: loss 0.3365, time 2162.22ms, mfu 147.26%
iter 6100: loss 0.3013, time 2158.89ms, mfu 147.97%
iter 6110: loss 0.3354, time 2128.23ms, mfu 148.83%
iter 6120: loss 0.3319, time 2246.84ms, mfu 148.78%
iter 6130: loss 0.3491, time 2245.28ms, mfu 148.74%
iter 6140: loss 0.3388, time 2216.91ms, mfu 148.89%
iter 6150: loss 0.2967, time 2151.27ms, mfu 149.49%
iter 6160: loss 0.3137, time 2226.23ms, mfu 149.51%
iter 6170: loss 0.3050, time 2188.86ms, mfu 149.78%
iter 6180: loss 0.3174, time 2230.63ms, mfu 149.74%
iter 6190: loss 0.3000, time 2203.64ms, mfu 149.88%
iter 6200: loss 0.3489, time 2232.04ms, mfu 149.82%
iter 6210: loss 0.2894, time 2174.17ms, mfu 150.16%
iter 6220: loss 0.3330, time 2179.19ms, mfu 150.44%
iter 6230: loss 0.3335, time 2165.57ms, mfu 150.78%
iter 6240: loss 0.3405, time 2172.30ms, mfu 151.04%
iter 6250: loss 0.3219, time 2222.27ms, mfu 150.93%
iter 6260: loss 0.2986, time 2169.38ms, mfu 151.19%
iter 6270: loss 0.2829, time 2395.35ms, mfu 149.98%
iter 6280: loss 0.2910, time 2170.94ms, mfu 150.33%
iter 6290: loss 0.3225, time 2158.67ms, mfu 150.73%
iter 6300: loss 0.3128, time 2113.33ms, mfu 151.43%
iter 6310: loss 0.3177, time 2146.91ms, mfu 151.80%
iter 6320: loss 0.3067, time 2175.70ms, mfu 151.94%
iter 6330: loss 0.2976, time 2191.64ms, mfu 151.94%
iter 6340: loss 0.3572, time 2206.33ms, mfu 151.85%
iter 6350: loss 0.3150, time 2215.68ms, mfu 151.70%
iter 6360: loss 0.3423, time 2333.24ms, mfu 150.81%
iter 6370: loss 0.3038, time 2174.63ms, mfu 151.05%
iter 6380: loss 0.2794, time 2176.81ms, mfu 151.25%
iter 6390: loss 0.3087, time 2195.88ms, mfu 151.30%
iter 6400: loss 0.3019, time 2168.74ms, mfu 151.53%
iter 6410: loss 0.3187, time 2240.71ms, mfu 151.25%
iter 6420: loss 0.3175, time 2224.25ms, mfu 151.10%
iter 6430: loss 0.3197, time 2189.98ms, mfu 151.21%
iter 6440: loss 0.3031, time 2177.26ms, mfu 151.39%
iter 6450: loss 0.3155, time 2156.73ms, mfu 151.70%
iter 6460: loss 0.3192, time 2189.74ms, mfu 151.74%
iter 6470: loss 0.3229, time 2149.51ms, mfu 152.07%
iter 6480: loss 0.3225, time 2167.86ms, mfu 152.23%
iter 6490: loss 0.3023, time 2227.99ms, mfu 151.96%
step 6500: train loss 0.2612, val loss 0.4616
iter 6500: loss 0.2926, time 16057.83ms, mfu 138.84%
iter 6510: loss 0.2981, time 2245.06ms, mfu 139.80%
iter 6520: loss 0.3068, time 2114.78ms, mfu 141.57%
iter 6530: loss 0.3181, time 2196.31ms, mfu 142.59%
iter 6540: loss 0.3057, time 2170.14ms, mfu 143.68%
iter 6550: loss 0.2825, time 2228.60ms, mfu 144.26%
iter 6560: loss 0.2993, time 2191.45ms, mfu 145.04%
iter 6570: loss 0.3029, time 2165.09ms, mfu 145.93%
iter 6580: loss 0.2901, time 2169.62ms, mfu 146.69%
iter 6590: loss 0.3139, time 2122.94ms, mfu 147.71%
iter 6600: loss 0.2795, time 2171.03ms, mfu 148.29%
iter 6610: loss 0.2984, time 2110.45ms, mfu 149.25%
iter 6620: loss 0.2936, time 2135.27ms, mfu 149.93%
iter 6630: loss 0.3039, time 2219.14ms, mfu 149.95%
iter 6640: loss 0.2972, time 2211.90ms, mfu 150.02%
iter 6650: loss 0.2825, time 2229.91ms, mfu 149.96%
iter 6660: loss 0.2969, time 2096.96ms, mfu 150.85%
iter 6670: loss 0.3183, time 2191.69ms, mfu 150.97%
iter 6680: loss 0.3083, time 2201.66ms, mfu 151.00%
iter 6690: loss 0.2819, time 2171.26ms, mfu 151.25%
iter 6700: loss 0.3013, time 2181.70ms, mfu 151.39%
iter 6710: loss 0.2801, time 2181.70ms, mfu 151.53%
iter 6720: loss 0.2875, time 2206.48ms, mfu 151.47%
iter 6730: loss 0.2979, time 2133.34ms, mfu 151.94%
iter 6740: loss 0.3018, time 2146.86ms, mfu 152.27%
iter 6750: loss 0.2909, time 2171.43ms, mfu 152.39%
iter 6760: loss 0.2833, time 2218.15ms, mfu 152.17%
iter 6770: loss 0.3017, time 2155.63ms, mfu 152.41%
iter 6780: loss 0.2921, time 2181.05ms, mfu 152.44%
iter 6790: loss 0.2922, time 2148.96ms, mfu 152.70%
iter 6800: loss 0.3004, time 2225.43ms, mfu 152.40%
iter 6810: loss 0.2948, time 2174.95ms, mfu 152.48%
iter 6820: loss 0.2940, time 2122.18ms, mfu 152.93%
iter 6830: loss 0.2731, time 2194.33ms, mfu 152.82%
iter 6840: loss 0.2989, time 2178.84ms, mfu 152.83%
iter 6850: loss 0.2663, time 2238.44ms, mfu 152.44%
iter 6860: loss 0.2901, time 2242.30ms, mfu 152.05%
iter 6870: loss 0.3081, time 2195.15ms, mfu 152.02%
iter 6880: loss 0.2744, time 2192.74ms, mfu 152.02%
iter 6890: loss 0.2789, time 2213.63ms, mfu 151.87%
iter 6900: loss 0.2914, time 2115.40ms, mfu 152.43%
iter 6910: loss 0.2870, time 2211.28ms, mfu 152.25%
iter 6920: loss 0.2881, time 2180.82ms, mfu 152.31%
iter 6930: loss 0.2786, time 2220.38ms, mfu 152.08%
iter 6940: loss 0.2649, time 2208.18ms, mfu 151.96%
iter 6950: loss 0.2786, time 2153.75ms, mfu 152.24%
iter 6960: loss 0.2717, time 2131.69ms, mfu 152.64%
iter 6970: loss 0.2779, time 2193.50ms, mfu 152.57%
iter 6980: loss 0.2844, time 2171.53ms, mfu 152.65%
iter 6990: loss 0.2833, time 2259.62ms, mfu 152.13%
step 7000: train loss 0.2329, val loss 0.4921
iter 7000: loss 0.2870, time 16094.50ms, mfu 138.99%
iter 7010: loss 0.2852, time 2232.38ms, mfu 140.02%
iter 7020: loss 0.2611, time 2179.55ms, mfu 141.30%
iter 7030: loss 0.2837, time 2146.50ms, mfu 142.69%
iter 7040: loss 0.2847, time 2256.75ms, mfu 143.19%
iter 7050: loss 0.2696, time 2209.17ms, mfu 143.95%
iter 7060: loss 0.2613, time 2266.38ms, mfu 144.26%
iter 7070: loss 0.2706, time 2167.83ms, mfu 145.20%
iter 7080: loss 0.2654, time 2236.62ms, mfu 145.58%
iter 7090: loss 0.2703, time 2192.75ms, mfu 146.21%
iter 7100: loss 0.2683, time 2160.54ms, mfu 147.01%
iter 7110: loss 0.2652, time 2195.47ms, mfu 147.49%
iter 7120: loss 0.2754, time 2127.19ms, mfu 148.40%
iter 7130: loss 0.2767, time 2271.05ms, mfu 148.23%
iter 7140: loss 0.2723, time 2194.11ms, mfu 148.59%
iter 7150: loss 0.2765, time 2220.38ms, mfu 148.74%
iter 7160: loss 0.2830, time 2183.95ms, mfu 149.12%
iter 7170: loss 0.2633, time 2258.14ms, mfu 148.97%
iter 7180: loss 0.2584, time 2212.05ms, mfu 149.13%
iter 7190: loss 0.2801, time 2110.40ms, mfu 150.01%
iter 7200: loss 0.2643, time 2283.87ms, mfu 149.59%
iter 7210: loss 0.2604, time 2251.96ms, mfu 149.43%
iter 7220: loss 0.2849, time 2279.70ms, mfu 149.10%
iter 7230: loss 0.2670, time 2140.09ms, mfu 149.76%
iter 7240: loss 0.2693, time 2178.64ms, mfu 150.08%
iter 7250: loss 0.2678, time 2154.74ms, mfu 150.53%
iter 7260: loss 0.2662, time 2077.37ms, mfu 151.52%
iter 7270: loss 0.2754, time 2185.05ms, mfu 151.61%
iter 7280: loss 0.2640, time 2185.70ms, mfu 151.70%
iter 7290: loss 0.2659, time 2115.46ms, mfu 152.28%
iter 7300: loss 0.2630, time 2217.89ms, mfu 152.07%
iter 7310: loss 0.2625, time 2227.51ms, mfu 151.82%
iter 7320: loss 0.2413, time 2146.56ms, mfu 152.16%
iter 7330: loss 0.2556, time 2224.19ms, mfu 151.92%
iter 7340: loss 0.2804, time 2165.26ms, mfu 152.12%
iter 7350: loss 0.2653, time 2180.53ms, mfu 152.19%
iter 7360: loss 0.2724, time 2199.67ms, mfu 152.12%
iter 7370: loss 0.2773, time 2203.90ms, mfu 152.02%
iter 7380: loss 0.2827, time 2214.44ms, mfu 151.87%
iter 7390: loss 0.2734, time 2271.46ms, mfu 151.35%
iter 7400: loss 0.2556, time 2221.97ms, mfu 151.21%
iter 7410: loss 0.2527, time 2240.74ms, mfu 150.96%
iter 7420: loss 0.2692, time 2260.14ms, mfu 150.60%
iter 7430: loss 0.2622, time 2121.78ms, mfu 151.24%
iter 7440: loss 0.2550, time 2261.51ms, mfu 150.85%
iter 7450: loss 0.2597, time 2165.51ms, mfu 151.15%
iter 7460: loss 0.2704, time 2197.22ms, mfu 151.20%
iter 7470: loss 0.2650, time 2155.07ms, mfu 151.54%
iter 7480: loss 0.2649, time 2176.35ms, mfu 151.70%
iter 7490: loss 0.2659, time 2245.70ms, mfu 151.36%
step 7500: train loss 0.2117, val loss 0.5271
iter 7500: loss 0.2686, time 16078.08ms, mfu 138.30%
iter 7510: loss 0.2414, time 2171.17ms, mfu 139.82%
iter 7520: loss 0.2473, time 2198.62ms, mfu 140.99%
iter 7530: loss 0.2540, time 2111.77ms, mfu 142.67%
iter 7540: loss 0.2621, time 2216.10ms, mfu 143.43%
iter 7550: loss 0.2596, time 2258.07ms, mfu 143.85%
iter 7560: loss 0.2527, time 2230.85ms, mfu 144.40%
iter 7570: loss 0.2563, time 2198.03ms, mfu 145.11%
iter 7580: loss 0.2635, time 2123.42ms, mfu 146.29%
iter 7590: loss 0.2522, time 2162.94ms, mfu 147.07%
iter 7600: loss 0.2411, time 2180.73ms, mfu 147.64%
iter 7610: loss 0.2604, time 2173.56ms, mfu 148.21%
iter 7620: loss 0.2446, time 2223.21ms, mfu 148.37%
iter 7630: loss 0.2322, time 2273.51ms, mfu 148.19%
iter 7640: loss 0.2373, time 2230.36ms, mfu 148.31%
iter 7650: loss 0.2485, time 2168.28ms, mfu 148.84%
iter 7660: loss 0.2471, time 2193.26ms, mfu 149.15%
iter 7670: loss 0.2486, time 2224.76ms, mfu 149.21%
iter 7680: loss 0.2558, time 2334.87ms, mfu 148.56%
iter 7690: loss 0.2493, time 2159.38ms, mfu 149.13%
iter 7700: loss 0.2456, time 2214.92ms, mfu 149.26%
iter 7710: loss 0.2568, time 2209.86ms, mfu 149.41%
iter 7720: loss 0.2530, time 2190.29ms, mfu 149.68%
iter 7730: loss 0.2476, time 2153.41ms, mfu 150.19%
iter 7740: loss 0.2430, time 2192.37ms, mfu 150.37%
iter 7750: loss 0.2455, time 2269.16ms, mfu 150.01%
iter 7760: loss 0.2410, time 2221.18ms, mfu 150.01%
iter 7770: loss 0.2403, time 2202.60ms, mfu 150.14%
iter 7780: loss 0.2399, time 2215.61ms, mfu 150.16%
iter 7790: loss 0.2452, time 2248.48ms, mfu 149.96%
iter 7800: loss 0.2481, time 2163.61ms, mfu 150.37%
iter 7810: loss 0.2523, time 2150.31ms, mfu 150.82%
iter 7820: loss 0.2513, time 2165.49ms, mfu 151.13%
iter 7830: loss 0.2515, time 2093.54ms, mfu 151.93%
iter 7840: loss 0.2473, time 2202.80ms, mfu 151.86%
iter 7850: loss 0.2311, time 2197.99ms, mfu 151.83%
iter 7860: loss 0.2371, time 2275.66ms, mfu 151.29%
iter 7870: loss 0.2421, time 2217.65ms, mfu 151.19%
iter 7880: loss 0.2225, time 2135.19ms, mfu 151.67%
iter 7890: loss 0.2353, time 2224.13ms, mfu 151.49%
iter 7900: loss 0.2507, time 2213.47ms, mfu 151.39%
iter 7910: loss 0.2393, time 2204.27ms, mfu 151.37%
iter 7920: loss 0.2279, time 2151.35ms, mfu 151.72%
iter 7930: loss 0.2364, time 2145.15ms, mfu 152.08%
iter 7940: loss 0.2434, time 2209.10ms, mfu 151.95%
iter 7950: loss 0.2400, time 2184.13ms, mfu 152.01%
iter 7960: loss 0.2292, time 2131.92ms, mfu 152.44%
iter 7970: loss 0.2361, time 2213.51ms, mfu 152.25%
iter 7980: loss 0.2347, time 2151.68ms, mfu 152.51%
iter 7990: loss 0.2432, time 2189.60ms, mfu 152.47%
step 8000: train loss 0.1930, val loss 0.5750
iter 8000: loss 0.2340, time 15958.93ms, mfu 139.31%
iter 8010: loss 0.2291, time 2144.76ms, mfu 140.92%
iter 8020: loss 0.2297, time 2181.82ms, mfu 142.10%
iter 8030: loss 0.2425, time 2279.65ms, mfu 142.50%
iter 8040: loss 0.2324, time 2140.18ms, mfu 143.82%
iter 8050: loss 0.2406, time 2174.39ms, mfu 144.76%
iter 8060: loss 0.2250, time 2195.40ms, mfu 145.46%
iter 8070: loss 0.2389, time 2186.14ms, mfu 146.15%
iter 8080: loss 0.2298, time 2255.28ms, mfu 146.31%
iter 8090: loss 0.2233, time 2141.48ms, mfu 147.24%
iter 8100: loss 0.2196, time 2137.71ms, mfu 148.10%
iter 8110: loss 0.2402, time 2250.45ms, mfu 148.10%
iter 8120: loss 0.2433, time 2186.74ms, mfu 148.52%
iter 8130: loss 0.2287, time 2156.70ms, mfu 149.12%
iter 8140: loss 0.2269, time 2351.30ms, mfu 148.38%
iter 8150: loss 0.2253, time 2171.77ms, mfu 148.88%
iter 8160: loss 0.2343, time 2155.79ms, mfu 149.45%
iter 8170: loss 0.2327, time 2169.65ms, mfu 149.86%
iter 8180: loss 0.2334, time 2193.40ms, mfu 150.06%
iter 8190: loss 0.2268, time 2201.72ms, mfu 150.19%
iter 8200: loss 0.2181, time 2231.81ms, mfu 150.10%
iter 8210: loss 0.2149, time 2115.74ms, mfu 150.84%
iter 8220: loss 0.2235, time 2249.48ms, mfu 150.57%
iter 8230: loss 0.2218, time 2183.29ms, mfu 150.77%
iter 8240: loss 0.2336, time 2198.19ms, mfu 150.85%
iter 8250: loss 0.2385, time 2202.55ms, mfu 150.89%
iter 8260: loss 0.2096, time 2210.56ms, mfu 150.87%
iter 8270: loss 0.2343, time 2130.14ms, mfu 151.43%
iter 8280: loss 0.2182, time 2114.52ms, mfu 152.04%
iter 8290: loss 0.2295, time 2190.00ms, mfu 152.05%
iter 8300: loss 0.2254, time 2264.77ms, mfu 151.56%
iter 8310: loss 0.2097, time 2200.14ms, mfu 151.55%
iter 8320: loss 0.2215, time 2363.77ms, mfu 150.49%
iter 8330: loss 0.2274, time 2207.31ms, mfu 150.53%
iter 8340: loss 0.2123, time 2131.05ms, mfu 151.11%
iter 8350: loss 0.2291, time 2156.71ms, mfu 151.45%
iter 8360: loss 0.2189, time 2155.02ms, mfu 151.77%
iter 8370: loss 0.2269, time 2183.19ms, mfu 151.85%
iter 8380: loss 0.2326, time 2188.94ms, mfu 151.89%
iter 8390: loss 0.2281, time 2140.78ms, mfu 152.26%
iter 8400: loss 0.2194, time 2146.59ms, mfu 152.56%
iter 8410: loss 0.2277, time 2175.48ms, mfu 152.62%
iter 8420: loss 0.2231, time 2212.95ms, mfu 152.41%
iter 8430: loss 0.2168, time 2161.16ms, mfu 152.59%
iter 8440: loss 0.2072, time 2181.50ms, mfu 152.60%
iter 8450: loss 0.2053, time 2144.36ms, mfu 152.88%
iter 8460: loss 0.2190, time 2188.24ms, mfu 152.82%
iter 8470: loss 0.2091, time 2177.88ms, mfu 152.83%
iter 8480: loss 0.2125, time 2098.87ms, mfu 153.42%
iter 8490: loss 0.2233, time 2101.10ms, mfu 153.94%
step 8500: train loss 0.1797, val loss 0.6112
iter 8500: loss 0.2245, time 16013.41ms, mfu 140.63%
iter 8510: loss 0.2220, time 2194.62ms, mfu 141.75%
iter 8520: loss 0.2165, time 2260.47ms, mfu 142.31%
iter 8530: loss 0.2091, time 2119.91ms, mfu 143.80%
iter 8540: loss 0.2193, time 2133.89ms, mfu 145.03%
iter 8550: loss 0.2287, time 2244.42ms, mfu 145.37%
iter 8560: loss 0.2149, time 2208.49ms, mfu 145.92%
iter 8570: loss 0.2129, time 2167.85ms, mfu 146.70%
iter 8580: loss 0.2137, time 2114.72ms, mfu 147.78%
iter 8590: loss 0.2191, time 2250.99ms, mfu 147.81%
iter 8600: loss 0.2220, time 2263.38ms, mfu 147.75%
iter 8610: loss 0.2161, time 2213.08ms, mfu 148.03%
iter 8620: loss 0.2188, time 2201.02ms, mfu 148.36%
iter 8630: loss 0.2165, time 2234.06ms, mfu 148.44%
iter 8640: loss 0.2181, time 2262.32ms, mfu 148.32%
iter 8650: loss 0.2107, time 2182.27ms, mfu 148.76%
iter 8660: loss 0.2061, time 2191.46ms, mfu 149.09%
iter 8670: loss 0.2170, time 2144.92ms, mfu 149.71%
iter 8680: loss 0.2092, time 2246.26ms, mfu 149.57%
iter 8690: loss 0.2148, time 2161.43ms, mfu 150.03%
iter 8700: loss 0.2135, time 2168.67ms, mfu 150.39%
iter 8710: loss 0.2107, time 2137.04ms, mfu 150.94%
iter 8720: loss 0.2239, time 2183.08ms, mfu 151.11%
iter 8730: loss 0.2198, time 2147.67ms, mfu 151.51%
iter 8740: loss 0.2012, time 2188.52ms, mfu 151.59%
iter 8750: loss 0.2183, time 2175.52ms, mfu 151.74%
iter 8760: loss 0.2053, time 2265.09ms, mfu 151.28%
iter 8770: loss 0.2158, time 2236.39ms, mfu 151.05%
iter 8780: loss 0.2030, time 2128.27ms, mfu 151.60%
iter 8790: loss 0.2051, time 2106.73ms, mfu 152.25%
iter 8800: loss 0.2075, time 2167.31ms, mfu 152.40%
iter 8810: loss 0.2137, time 2207.87ms, mfu 152.25%
iter 8820: loss 0.2090, time 2196.47ms, mfu 152.20%
iter 8830: loss 0.1972, time 2187.05ms, mfu 152.21%
iter 8840: loss 0.2148, time 2179.30ms, mfu 152.28%
iter 8850: loss 0.2157, time 2154.89ms, mfu 152.51%
iter 8860: loss 0.2038, time 2147.97ms, mfu 152.77%
iter 8870: loss 0.2002, time 2245.76ms, mfu 152.33%
iter 8880: loss 0.1989, time 2273.27ms, mfu 151.75%
iter 8890: loss 0.1907, time 2218.27ms, mfu 151.60%
iter 8900: loss 0.2069, time 2152.28ms, mfu 151.92%
iter 8910: loss 0.2210, time 2177.39ms, mfu 152.03%
iter 8920: loss 0.2241, time 2157.94ms, mfu 152.27%
iter 8930: loss 0.2125, time 2120.06ms, mfu 152.75%
iter 8940: loss 0.2090, time 2144.32ms, mfu 153.02%
iter 8950: loss 0.2042, time 2202.04ms, mfu 152.85%
iter 8960: loss 0.2192, time 2239.46ms, mfu 152.44%
iter 8970: loss 0.2095, time 2083.73ms, mfu 153.18%
iter 8980: loss 0.2109, time 2161.43ms, mfu 153.28%
iter 8990: loss 0.1987, time 2193.69ms, mfu 153.14%
step 9000: train loss 0.1672, val loss 0.6550
iter 9000: loss 0.2175, time 15976.34ms, mfu 139.91%
[1;34mwandb[0m: 
[1;34mwandb[0m: 🚀 View run [33maig-large3-topo[0m at: [34mhttps://wandb.ai/isabella-v-gardner-university-of-amsterdam/g2pt/runs/pfvg32u0[0m
[1;34mwandb[0m: Find logs at: [1;35mwandb/run-20250420_172009-pfvg32u0/logs[0m
Training script finished.

JOB STATISTICS
==============
Job ID: 11290732
Cluster: snellius
User/Group: igardner1/igardner1
State: COMPLETED (exit code 0)
Nodes: 1
Cores per node: 16
CPU Utilized: 05:32:33
CPU Efficiency: 6.22% of 3-17:04:32 core-walltime
Job Wall-clock time: 05:34:02
Memory Utilized: 1.18 GB
Memory Efficiency: 0.66% of 180.00 GB (180.00 GB/node)
